{"meta": {"format": 3, "version": "7.12.0", "timestamp": "2025-11-27T16:17:10.757525", "branch_coverage": false, "show_contexts": false}, "files": {"app/database/mongodb/__init__.py": {"executed_lines": [1, 20, 26, 28], "summary": {"covered_lines": 3, "num_statements": 3, "percent_covered": 100.0, "percent_covered_display": "100", "missing_lines": 0, "excluded_lines": 0, "percent_statements_covered": 100.0, "percent_statements_covered_display": "100"}, "missing_lines": [], "excluded_lines": [], "functions": {"": {"executed_lines": [1, 20, 26, 28], "summary": {"covered_lines": 3, "num_statements": 3, "percent_covered": 100.0, "percent_covered_display": "100", "missing_lines": 0, "excluded_lines": 0, "percent_statements_covered": 100.0, "percent_statements_covered_display": "100"}, "missing_lines": [], "excluded_lines": []}}, "classes": {"": {"executed_lines": [1, 20, 26, 28], "summary": {"covered_lines": 3, "num_statements": 3, "percent_covered": 100.0, "percent_covered_display": "100", "missing_lines": 0, "excluded_lines": 0, "percent_statements_covered": 100.0, "percent_statements_covered_display": "100"}, "missing_lines": [], "excluded_lines": []}}}, "app/database/mongodb/client.py": {"executed_lines": [1, 8, 9, 10, 11, 13, 23, 26, 27, 30, 39, 40, 41, 43, 44, 46, 47, 48, 56, 57, 58, 60, 61, 62, 63, 64, 65, 66, 67, 70, 79, 80, 82, 83, 84, 86, 87, 90, 94, 95, 96, 97, 98, 99, 101, 102, 105, 108, 109], "summary": {"covered_lines": 48, "num_statements": 48, "percent_covered": 100.0, "percent_covered_display": "100", "missing_lines": 0, "excluded_lines": 0, "percent_statements_covered": 100.0, "percent_statements_covered_display": "100"}, "missing_lines": [], "excluded_lines": [], "functions": {"get_mongodb_client": {"executed_lines": [39, 40, 41, 43, 44, 46, 47, 48, 56, 57, 58, 60, 61, 62, 63, 64, 65, 66, 67], "summary": {"covered_lines": 19, "num_statements": 19, "percent_covered": 100.0, "percent_covered_display": "100", "missing_lines": 0, "excluded_lines": 0, "percent_statements_covered": 100.0, "percent_statements_covered_display": "100"}, "missing_lines": [], "excluded_lines": []}, "get_mongodb_database": {"executed_lines": [79, 80, 82, 83, 84, 86, 87], "summary": {"covered_lines": 7, "num_statements": 7, "percent_covered": 100.0, "percent_covered_display": "100", "missing_lines": 0, "excluded_lines": 0, "percent_statements_covered": 100.0, "percent_statements_covered_display": "100"}, "missing_lines": [], "excluded_lines": []}, "close_mongodb_client": {"executed_lines": [94, 95, 96, 97, 98, 99, 101, 102], "summary": {"covered_lines": 8, "num_statements": 8, "percent_covered": 100.0, "percent_covered_display": "100", "missing_lines": 0, "excluded_lines": 0, "percent_statements_covered": 100.0, "percent_statements_covered_display": "100"}, "missing_lines": [], "excluded_lines": []}, "reset_mongodb_client": {"executed_lines": [108, 109], "summary": {"covered_lines": 2, "num_statements": 2, "percent_covered": 100.0, "percent_covered_display": "100", "missing_lines": 0, "excluded_lines": 0, "percent_statements_covered": 100.0, "percent_statements_covered_display": "100"}, "missing_lines": [], "excluded_lines": []}, "": {"executed_lines": [1, 8, 9, 10, 11, 13, 23, 26, 27, 30, 70, 90, 105], "summary": {"covered_lines": 12, "num_statements": 12, "percent_covered": 100.0, "percent_covered_display": "100", "missing_lines": 0, "excluded_lines": 0, "percent_statements_covered": 100.0, "percent_statements_covered_display": "100"}, "missing_lines": [], "excluded_lines": []}}, "classes": {"": {"executed_lines": [1, 8, 9, 10, 11, 13, 23, 26, 27, 30, 39, 40, 41, 43, 44, 46, 47, 48, 56, 57, 58, 60, 61, 62, 63, 64, 65, 66, 67, 70, 79, 80, 82, 83, 84, 86, 87, 90, 94, 95, 96, 97, 98, 99, 101, 102, 105, 108, 109], "summary": {"covered_lines": 48, "num_statements": 48, "percent_covered": 100.0, "percent_covered_display": "100", "missing_lines": 0, "excluded_lines": 0, "percent_statements_covered": 100.0, "percent_statements_covered_display": "100"}, "missing_lines": [], "excluded_lines": []}}}, "app/database/mongodb/operations.py": {"executed_lines": [1, 8, 9, 10, 11, 12, 14, 16, 18, 21, 22, 29, 31, 33, 40, 42, 44, 57, 59, 80, 82, 83, 85, 86, 87, 89, 90, 91, 93, 94, 97, 98, 99, 100, 102, 103, 105, 106, 108, 109, 110, 112, 135, 137, 139, 140, 141, 143, 144, 145, 148, 149, 150, 153, 155, 156, 159, 161, 167, 190, 191, 193, 194, 197, 198, 199, 202, 203, 204, 208, 210, 215, 216, 217, 219, 225, 246, 247, 249, 250, 253, 254, 255, 258, 259, 260, 263, 265, 266, 267, 269, 275, 296, 297, 299, 300, 301, 303, 304, 305, 307, 308, 310, 312, 313, 315, 316, 318, 319, 320, 321, 322, 323, 325, 331, 352, 353, 355, 356, 357, 359, 360, 361, 363, 365, 366, 369, 371, 377, 396, 397, 399, 400, 401, 403, 404, 406, 408, 409, 412, 414], "summary": {"covered_lines": 139, "num_statements": 163, "percent_covered": 85.2760736196319, "percent_covered_display": "85", "missing_lines": 24, "excluded_lines": 0, "percent_statements_covered": 85.2760736196319, "percent_statements_covered_display": "85"}, "missing_lines": [41, 151, 163, 164, 165, 195, 205, 221, 222, 223, 251, 261, 271, 272, 273, 327, 328, 329, 373, 374, 375, 416, 417, 418], "excluded_lines": [], "functions": {"MongoDBOperations.__init__": {"executed_lines": [31], "summary": {"covered_lines": 1, "num_statements": 1, "percent_covered": 100.0, "percent_covered_display": "100", "missing_lines": 0, "excluded_lines": 0, "percent_statements_covered": 100.0, "percent_statements_covered_display": "100"}, "missing_lines": [], "excluded_lines": []}, "MongoDBOperations._ensure_db": {"executed_lines": [40, 42], "summary": {"covered_lines": 2, "num_statements": 3, "percent_covered": 66.66666666666667, "percent_covered_display": "67", "missing_lines": 1, "excluded_lines": 0, "percent_statements_covered": 66.66666666666667, "percent_statements_covered_display": "67"}, "missing_lines": [41], "excluded_lines": []}, "MongoDBOperations._get_collection_name": {"executed_lines": [57], "summary": {"covered_lines": 1, "num_statements": 1, "percent_covered": 100.0, "percent_covered_display": "100", "missing_lines": 0, "excluded_lines": 0, "percent_statements_covered": 100.0, "percent_statements_covered_display": "100"}, "missing_lines": [], "excluded_lines": []}, "MongoDBOperations.insert": {"executed_lines": [80, 82, 83, 85, 86, 87, 89, 90, 91, 93, 94, 97, 98, 99, 100, 102, 103, 105, 106, 108, 109, 110], "summary": {"covered_lines": 22, "num_statements": 22, "percent_covered": 100.0, "percent_covered_display": "100", "missing_lines": 0, "excluded_lines": 0, "percent_statements_covered": 100.0, "percent_statements_covered_display": "100"}, "missing_lines": [], "excluded_lines": []}, "MongoDBOperations.find_one": {"executed_lines": [135, 137, 139, 140, 141, 143, 144, 145, 148, 149, 150, 153, 155, 156, 159, 161], "summary": {"covered_lines": 16, "num_statements": 20, "percent_covered": 80.0, "percent_covered_display": "80", "missing_lines": 4, "excluded_lines": 0, "percent_statements_covered": 80.0, "percent_statements_covered_display": "80"}, "missing_lines": [151, 163, 164, 165], "excluded_lines": []}, "MongoDBOperations.update": {"executed_lines": [190, 191, 193, 194, 197, 198, 199, 202, 203, 204, 208, 210, 215, 216, 217, 219], "summary": {"covered_lines": 16, "num_statements": 21, "percent_covered": 76.19047619047619, "percent_covered_display": "76", "missing_lines": 5, "excluded_lines": 0, "percent_statements_covered": 76.19047619047619, "percent_statements_covered_display": "76"}, "missing_lines": [195, 205, 221, 222, 223], "excluded_lines": []}, "MongoDBOperations.delete": {"executed_lines": [246, 247, 249, 250, 253, 254, 255, 258, 259, 260, 263, 265, 266, 267, 269], "summary": {"covered_lines": 15, "num_statements": 20, "percent_covered": 75.0, "percent_covered_display": "75", "missing_lines": 5, "excluded_lines": 0, "percent_statements_covered": 75.0, "percent_statements_covered_display": "75"}, "missing_lines": [251, 261, 271, 272, 273], "excluded_lines": []}, "MongoDBOperations.find_many": {"executed_lines": [296, 297, 299, 300, 301, 303, 304, 305, 307, 308, 310, 312, 313, 315, 316, 318, 319, 320, 321, 322, 323, 325], "summary": {"covered_lines": 22, "num_statements": 25, "percent_covered": 88.0, "percent_covered_display": "88", "missing_lines": 3, "excluded_lines": 0, "percent_statements_covered": 88.0, "percent_statements_covered_display": "88"}, "missing_lines": [327, 328, 329], "excluded_lines": []}, "MongoDBOperations.find_by_field": {"executed_lines": [352, 353, 355, 356, 357, 359, 360, 361, 363, 365, 366, 369, 371], "summary": {"covered_lines": 13, "num_statements": 16, "percent_covered": 81.25, "percent_covered_display": "81", "missing_lines": 3, "excluded_lines": 0, "percent_statements_covered": 81.25, "percent_statements_covered_display": "81"}, "missing_lines": [373, 374, 375], "excluded_lines": []}, "MongoDBOperations.find_by_fields": {"executed_lines": [396, 397, 399, 400, 401, 403, 404, 406, 408, 409, 412, 414], "summary": {"covered_lines": 12, "num_statements": 15, "percent_covered": 80.0, "percent_covered_display": "80", "missing_lines": 3, "excluded_lines": 0, "percent_statements_covered": 80.0, "percent_statements_covered_display": "80"}, "missing_lines": [416, 417, 418], "excluded_lines": []}, "": {"executed_lines": [1, 8, 9, 10, 11, 12, 14, 16, 18, 21, 22, 29, 33, 44, 59, 112, 167, 225, 275, 331, 377], "summary": {"covered_lines": 19, "num_statements": 19, "percent_covered": 100.0, "percent_covered_display": "100", "missing_lines": 0, "excluded_lines": 0, "percent_statements_covered": 100.0, "percent_statements_covered_display": "100"}, "missing_lines": [], "excluded_lines": []}}, "classes": {"MongoDBOperations": {"executed_lines": [31, 40, 42, 57, 80, 82, 83, 85, 86, 87, 89, 90, 91, 93, 94, 97, 98, 99, 100, 102, 103, 105, 106, 108, 109, 110, 135, 137, 139, 140, 141, 143, 144, 145, 148, 149, 150, 153, 155, 156, 159, 161, 190, 191, 193, 194, 197, 198, 199, 202, 203, 204, 208, 210, 215, 216, 217, 219, 246, 247, 249, 250, 253, 254, 255, 258, 259, 260, 263, 265, 266, 267, 269, 296, 297, 299, 300, 301, 303, 304, 305, 307, 308, 310, 312, 313, 315, 316, 318, 319, 320, 321, 322, 323, 325, 352, 353, 355, 356, 357, 359, 360, 361, 363, 365, 366, 369, 371, 396, 397, 399, 400, 401, 403, 404, 406, 408, 409, 412, 414], "summary": {"covered_lines": 120, "num_statements": 144, "percent_covered": 83.33333333333333, "percent_covered_display": "83", "missing_lines": 24, "excluded_lines": 0, "percent_statements_covered": 83.33333333333333, "percent_statements_covered_display": "83"}, "missing_lines": [41, 151, 163, 164, 165, 195, 205, 221, 222, 223, 251, 261, 271, 272, 273, 327, 328, 329, 373, 374, 375, 416, 417, 418], "excluded_lines": []}, "": {"executed_lines": [1, 8, 9, 10, 11, 12, 14, 16, 18, 21, 22, 29, 33, 44, 59, 112, 167, 225, 275, 331, 377], "summary": {"covered_lines": 19, "num_statements": 19, "percent_covered": 100.0, "percent_covered_display": "100", "missing_lines": 0, "excluded_lines": 0, "percent_statements_covered": 100.0, "percent_statements_covered_display": "100"}, "missing_lines": [], "excluded_lines": []}}}}, "totals": {"covered_lines": 190, "num_statements": 214, "percent_covered": 88.78504672897196, "percent_covered_display": "89", "missing_lines": 24, "excluded_lines": 0, "percent_statements_covered": 88.78504672897196, "percent_statements_covered_display": "89"}}