{"meta": {"format": 3, "version": "7.13.2", "timestamp": "2026-01-29T09:29:32.204979", "branch_coverage": false, "show_contexts": false}, "files": {"app/__init__.py": {"executed_lines": [12], "summary": {"covered_lines": 1, "num_statements": 1, "percent_covered": 100.0, "percent_covered_display": "100", "missing_lines": 0, "excluded_lines": 0, "percent_statements_covered": 100.0, "percent_statements_covered_display": "100"}, "missing_lines": [], "excluded_lines": [], "functions": {"": {"executed_lines": [12], "summary": {"covered_lines": 1, "num_statements": 1, "percent_covered": 100.0, "percent_covered_display": "100", "missing_lines": 0, "excluded_lines": 0, "percent_statements_covered": 100.0, "percent_statements_covered_display": "100"}, "missing_lines": [], "excluded_lines": [], "start_line": 1}}, "classes": {"": {"executed_lines": [12], "summary": {"covered_lines": 1, "num_statements": 1, "percent_covered": 100.0, "percent_covered_display": "100", "missing_lines": 0, "excluded_lines": 0, "percent_statements_covered": 100.0, "percent_statements_covered_display": "100"}, "missing_lines": [], "excluded_lines": [], "start_line": 1}}}, "app/agentlab_runtime.py": {"executed_lines": [], "summary": {"covered_lines": 0, "num_statements": 130, "percent_covered": 0.0, "percent_covered_display": "0", "missing_lines": 130, "excluded_lines": 0, "percent_statements_covered": 0.0, "percent_statements_covered_display": "0"}, "missing_lines": [12, 13, 14, 15, 16, 17, 20, 23, 39, 40, 41, 43, 51, 53, 60, 74, 75, 76, 78, 84, 86, 93, 107, 108, 109, 111, 117, 119, 126, 139, 140, 143, 144, 146, 147, 148, 149, 150, 151, 152, 154, 160, 161, 168, 178, 179, 180, 181, 183, 186, 197, 198, 200, 203, 213, 214, 215, 216, 219, 220, 221, 223, 224, 225, 226, 227, 228, 229, 230, 231, 232, 234, 235, 236, 237, 238, 239, 240, 241, 242, 244, 245, 246, 247, 248, 249, 250, 252, 255, 257, 276, 282, 288, 295, 301, 304, 305, 306, 309, 310, 311, 313, 314, 316, 318, 319, 320, 321, 323, 324, 325, 326, 327, 328, 329, 332, 333, 334, 336, 337, 338, 339, 342, 345, 346, 347, 348, 350, 353, 354], "excluded_lines": [], "functions": {"execute_grep": {"executed_lines": [], "summary": {"covered_lines": 0, "num_statements": 6, "percent_covered": 0.0, "percent_covered_display": "0", "missing_lines": 6, "excluded_lines": 0, "percent_statements_covered": 0.0, "percent_statements_covered_display": "0"}, "missing_lines": [39, 40, 41, 43, 51, 53], "excluded_lines": [], "start_line": 23}, "execute_find": {"executed_lines": [], "summary": {"covered_lines": 0, "num_statements": 6, "percent_covered": 0.0, "percent_covered_display": "0", "missing_lines": 6, "excluded_lines": 0, "percent_statements_covered": 0.0, "percent_statements_covered_display": "0"}, "missing_lines": [74, 75, 76, 78, 84, 86], "excluded_lines": [], "start_line": 60}, "execute_read": {"executed_lines": [], "summary": {"covered_lines": 0, "num_statements": 6, "percent_covered": 0.0, "percent_covered_display": "0", "missing_lines": 6, "excluded_lines": 0, "percent_statements_covered": 0.0, "percent_statements_covered_display": "0"}, "missing_lines": [107, 108, 109, 111, 117, 119], "excluded_lines": [], "start_line": 93}, "execute_command": {"executed_lines": [], "summary": {"covered_lines": 0, "num_statements": 14, "percent_covered": 0.0, "percent_covered_display": "0", "missing_lines": 14, "excluded_lines": 0, "percent_statements_covered": 0.0, "percent_statements_covered_display": "0"}, "missing_lines": [139, 140, 143, 144, 146, 147, 148, 149, 150, 151, 152, 154, 160, 161], "excluded_lines": [], "start_line": 126}, "execute_batch": {"executed_lines": [], "summary": {"covered_lines": 0, "num_statements": 5, "percent_covered": 0.0, "percent_covered_display": "0", "missing_lines": 5, "excluded_lines": 0, "percent_statements_covered": 0.0, "percent_statements_covered_display": "0"}, "missing_lines": [178, 179, 180, 181, 183], "excluded_lines": [], "start_line": 168}, "format_output": {"executed_lines": [], "summary": {"covered_lines": 0, "num_statements": 3, "percent_covered": 0.0, "percent_covered_display": "0", "missing_lines": 3, "excluded_lines": 0, "percent_statements_covered": 0.0, "percent_statements_covered_display": "0"}, "missing_lines": [197, 198, 200], "excluded_lines": [], "start_line": 186}, "format_markdown": {"executed_lines": [], "summary": {"covered_lines": 0, "num_statements": 34, "percent_covered": 0.0, "percent_covered_display": "0", "missing_lines": 34, "excluded_lines": 0, "percent_statements_covered": 0.0, "percent_statements_covered_display": "0"}, "missing_lines": [213, 214, 215, 216, 219, 220, 221, 223, 224, 225, 226, 227, 228, 229, 230, 231, 232, 234, 235, 236, 237, 238, 239, 240, 241, 242, 244, 245, 246, 247, 248, 249, 250, 252], "excluded_lines": [], "start_line": 203}, "main": {"executed_lines": [], "summary": {"covered_lines": 0, "num_statements": 39, "percent_covered": 0.0, "percent_covered_display": "0", "missing_lines": 39, "excluded_lines": 0, "percent_statements_covered": 0.0, "percent_statements_covered_display": "0"}, "missing_lines": [257, 276, 282, 288, 295, 301, 304, 305, 306, 309, 310, 311, 313, 314, 316, 318, 319, 320, 321, 323, 324, 325, 326, 327, 328, 329, 332, 333, 334, 336, 337, 338, 339, 342, 345, 346, 347, 348, 350], "excluded_lines": [], "start_line": 255}, "": {"executed_lines": [], "summary": {"covered_lines": 0, "num_statements": 17, "percent_covered": 0.0, "percent_covered_display": "0", "missing_lines": 17, "excluded_lines": 0, "percent_statements_covered": 0.0, "percent_statements_covered_display": "0"}, "missing_lines": [12, 13, 14, 15, 16, 17, 20, 23, 60, 93, 126, 168, 186, 203, 255, 353, 354], "excluded_lines": [], "start_line": 1}}, "classes": {"": {"executed_lines": [], "summary": {"covered_lines": 0, "num_statements": 130, "percent_covered": 0.0, "percent_covered_display": "0", "missing_lines": 130, "excluded_lines": 0, "percent_statements_covered": 0.0, "percent_statements_covered_display": "0"}, "missing_lines": [12, 13, 14, 15, 16, 17, 20, 23, 39, 40, 41, 43, 51, 53, 60, 74, 75, 76, 78, 84, 86, 93, 107, 108, 109, 111, 117, 119, 126, 139, 140, 143, 144, 146, 147, 148, 149, 150, 151, 152, 154, 160, 161, 168, 178, 179, 180, 181, 183, 186, 197, 198, 200, 203, 213, 214, 215, 216, 219, 220, 221, 223, 224, 225, 226, 227, 228, 229, 230, 231, 232, 234, 235, 236, 237, 238, 239, 240, 241, 242, 244, 245, 246, 247, 248, 249, 250, 252, 255, 257, 276, 282, 288, 295, 301, 304, 305, 306, 309, 310, 311, 313, 314, 316, 318, 319, 320, 321, 323, 324, 325, 326, 327, 328, 329, 332, 333, 334, 336, 337, 338, 339, 342, 345, 346, 347, 348, 350, 353, 354], "excluded_lines": [], "start_line": 1}}}, "app/alerting.py": {"executed_lines": [10, 11, 12, 13, 14, 16, 19, 22, 38, 39, 40, 43, 48, 51, 60, 61, 66, 68, 69, 76, 91, 92, 98, 101, 114, 115, 121, 124, 140, 142, 143, 145, 146, 152], "summary": {"covered_lines": 34, "num_statements": 37, "percent_covered": 91.89189189189189, "percent_covered_display": "92", "missing_lines": 3, "excluded_lines": 0, "percent_statements_covered": 91.89189189189189, "percent_statements_covered_display": "92"}, "missing_lines": [71, 72, 73], "excluded_lines": [], "functions": {"send_alert": {"executed_lines": [38, 39, 40, 43, 48, 51, 60, 61, 66, 68, 69], "summary": {"covered_lines": 11, "num_statements": 14, "percent_covered": 78.57142857142857, "percent_covered_display": "79", "missing_lines": 3, "excluded_lines": 0, "percent_statements_covered": 78.57142857142857, "percent_statements_covered_display": "79"}, "missing_lines": [71, 72, 73], "excluded_lines": [], "start_line": 22}, "alert_admin_role_assigned": {"executed_lines": [91, 92, 98], "summary": {"covered_lines": 3, "num_statements": 3, "percent_covered": 100.0, "percent_covered_display": "100", "missing_lines": 0, "excluded_lines": 0, "percent_statements_covered": 100.0, "percent_statements_covered_display": "100"}, "missing_lines": [], "excluded_lines": [], "start_line": 76}, "alert_high_permission_denials": {"executed_lines": [114, 115, 121], "summary": {"covered_lines": 3, "num_statements": 3, "percent_covered": 100.0, "percent_covered_display": "100", "missing_lines": 0, "excluded_lines": 0, "percent_statements_covered": 100.0, "percent_statements_covered_display": "100"}, "missing_lines": [], "excluded_lines": [], "start_line": 101}, "alert_role_removed": {"executed_lines": [140, 142, 143, 145, 146, 152], "summary": {"covered_lines": 6, "num_statements": 6, "percent_covered": 100.0, "percent_covered_display": "100", "missing_lines": 0, "excluded_lines": 0, "percent_statements_covered": 100.0, "percent_statements_covered_display": "100"}, "missing_lines": [], "excluded_lines": [], "start_line": 124}, "": {"executed_lines": [10, 11, 12, 13, 14, 16, 19, 22, 76, 101, 124], "summary": {"covered_lines": 11, "num_statements": 11, "percent_covered": 100.0, "percent_covered_display": "100", "missing_lines": 0, "excluded_lines": 0, "percent_statements_covered": 100.0, "percent_statements_covered_display": "100"}, "missing_lines": [], "excluded_lines": [], "start_line": 1}}, "classes": {"": {"executed_lines": [10, 11, 12, 13, 14, 16, 19, 22, 38, 39, 40, 43, 48, 51, 60, 61, 66, 68, 69, 76, 91, 92, 98, 101, 114, 115, 121, 124, 140, 142, 143, 145, 146, 152], "summary": {"covered_lines": 34, "num_statements": 37, "percent_covered": 91.89189189189189, "percent_covered_display": "92", "missing_lines": 3, "excluded_lines": 0, "percent_statements_covered": 91.89189189189189, "percent_statements_covered_display": "92"}, "missing_lines": [71, 72, 73], "excluded_lines": [], "start_line": 1}}}, "app/audit_logger.py": {"executed_lines": [16, 17, 18, 19, 20, 21, 22, 23, 25, 26, 27, 30, 31, 32, 33, 34, 37, 38, 41, 42, 45, 46, 47, 50, 53, 54, 55, 56, 59, 74, 84, 85, 86, 87, 88, 89, 90, 91, 93, 95, 107, 118, 119, 121, 124, 125, 129, 131, 132, 133, 134, 135, 136, 137, 138, 139, 140, 142, 144, 145, 147, 148, 150, 151, 154, 155, 160, 168, 169, 172, 173, 176, 177, 178, 179, 181, 186, 189, 210, 226, 251, 269, 276, 280, 283, 295, 296, 299, 300, 303, 313, 315, 316, 318, 330, 347, 361, 364, 369, 386, 400, 403, 408, 409, 412, 429, 443, 446, 451, 454, 471, 480, 483, 488, 513, 524, 527], "summary": {"covered_lines": 117, "num_statements": 158, "percent_covered": 74.0506329113924, "percent_covered_display": "74", "missing_lines": 41, "excluded_lines": 0, "percent_statements_covered": 74.0506329113924, "percent_statements_covered_display": "74"}, "missing_lines": [157, 170, 182, 195, 196, 198, 199, 201, 202, 203, 206, 207, 218, 219, 220, 221, 222, 223, 234, 236, 237, 239, 240, 242, 245, 246, 247, 248, 257, 258, 259, 260, 262, 263, 264, 266, 321, 322, 324, 325, 327], "excluded_lines": [], "functions": {"AuditLog.__init__": {"executed_lines": [84, 85, 86, 87, 88, 89, 90, 91], "summary": {"covered_lines": 8, "num_statements": 8, "percent_covered": 100.0, "percent_covered_display": "100", "missing_lines": 0, "excluded_lines": 0, "percent_statements_covered": 100.0, "percent_statements_covered_display": "100"}, "missing_lines": [], "excluded_lines": [], "start_line": 74}, "AuditLog.to_dict": {"executed_lines": [95], "summary": {"covered_lines": 1, "num_statements": 1, "percent_covered": 100.0, "percent_covered_display": "100", "missing_lines": 0, "excluded_lines": 0, "percent_statements_covered": 100.0, "percent_statements_covered_display": "100"}, "missing_lines": [], "excluded_lines": [], "start_line": 93}, "_persist_audit_log": {"executed_lines": [118, 119, 121, 124, 125, 129, 131, 132, 133, 134, 135, 136, 137, 138, 139, 140, 142, 144, 145, 147, 148, 150, 151, 154, 155], "summary": {"covered_lines": 25, "num_statements": 26, "percent_covered": 96.15384615384616, "percent_covered_display": "96", "missing_lines": 1, "excluded_lines": 0, "percent_statements_covered": 96.15384615384616, "percent_statements_covered_display": "96"}, "missing_lines": [157], "excluded_lines": [], "start_line": 107}, "_flush_audit_buffer": {"executed_lines": [168, 169, 172, 173, 176, 177, 178, 179, 181, 186], "summary": {"covered_lines": 10, "num_statements": 12, "percent_covered": 83.33333333333333, "percent_covered_display": "83", "missing_lines": 2, "excluded_lines": 0, "percent_statements_covered": 83.33333333333333, "percent_statements_covered_display": "83"}, "missing_lines": [170, 182], "excluded_lines": [], "start_line": 160}, "_background_flush_task": {"executed_lines": [], "summary": {"covered_lines": 0, "num_statements": 9, "percent_covered": 0.0, "percent_covered_display": "0", "missing_lines": 9, "excluded_lines": 0, "percent_statements_covered": 0.0, "percent_statements_covered_display": "0"}, "missing_lines": [195, 196, 198, 199, 201, 202, 203, 206, 207], "excluded_lines": [], "start_line": 189}, "start_audit_logger_background_task": {"executed_lines": [], "summary": {"covered_lines": 0, "num_statements": 6, "percent_covered": 0.0, "percent_covered_display": "0", "missing_lines": 6, "excluded_lines": 0, "percent_statements_covered": 0.0, "percent_statements_covered_display": "0"}, "missing_lines": [218, 219, 220, 221, 222, 223], "excluded_lines": [], "start_line": 210}, "stop_audit_logger_background_task": {"executed_lines": [], "summary": {"covered_lines": 0, "num_statements": 10, "percent_covered": 0.0, "percent_covered_display": "0", "missing_lines": 10, "excluded_lines": 0, "percent_statements_covered": 0.0, "percent_statements_covered_display": "0"}, "missing_lines": [234, 236, 237, 239, 240, 242, 245, 246, 247, 248], "excluded_lines": [], "start_line": 226}, "_safe_shutdown_handler": {"executed_lines": [], "summary": {"covered_lines": 0, "num_statements": 8, "percent_covered": 0.0, "percent_covered_display": "0", "missing_lines": 8, "excluded_lines": 0, "percent_statements_covered": 0.0, "percent_statements_covered_display": "0"}, "missing_lines": [257, 258, 259, 260, 262, 263, 264, 266], "excluded_lines": [], "start_line": 251}, "_reset_audit_buffer_for_testing": {"executed_lines": [276], "summary": {"covered_lines": 1, "num_statements": 1, "percent_covered": 100.0, "percent_covered_display": "100", "missing_lines": 0, "excluded_lines": 0, "percent_statements_covered": 100.0, "percent_statements_covered_display": "100"}, "missing_lines": [], "excluded_lines": [], "start_line": 269}, "_schedule_persist_audit_log": {"executed_lines": [295, 296, 299, 300], "summary": {"covered_lines": 4, "num_statements": 4, "percent_covered": 100.0, "percent_covered_display": "100", "missing_lines": 0, "excluded_lines": 0, "percent_statements_covered": 100.0, "percent_statements_covered_display": "100"}, "missing_lines": [], "excluded_lines": [], "start_line": 283}, "_schedule_persist_audit_log_sync": {"executed_lines": [313, 315, 316, 318], "summary": {"covered_lines": 4, "num_statements": 9, "percent_covered": 44.44444444444444, "percent_covered_display": "44", "missing_lines": 5, "excluded_lines": 0, "percent_statements_covered": 44.44444444444444, "percent_statements_covered_display": "44"}, "missing_lines": [321, 322, 324, 325, 327], "excluded_lines": [], "start_line": 303}, "log_permission_denied": {"executed_lines": [347, 361, 364], "summary": {"covered_lines": 3, "num_statements": 3, "percent_covered": 100.0, "percent_covered_display": "100", "missing_lines": 0, "excluded_lines": 0, "percent_statements_covered": 100.0, "percent_statements_covered_display": "100"}, "missing_lines": [], "excluded_lines": [], "start_line": 330}, "log_role_assigned": {"executed_lines": [386, 400, 403, 408, 409], "summary": {"covered_lines": 5, "num_statements": 5, "percent_covered": 100.0, "percent_covered_display": "100", "missing_lines": 0, "excluded_lines": 0, "percent_statements_covered": 100.0, "percent_statements_covered_display": "100"}, "missing_lines": [], "excluded_lines": [], "start_line": 369}, "log_role_removed": {"executed_lines": [429, 443, 446, 451], "summary": {"covered_lines": 4, "num_statements": 4, "percent_covered": 100.0, "percent_covered_display": "100", "missing_lines": 0, "excluded_lines": 0, "percent_statements_covered": 100.0, "percent_statements_covered_display": "100"}, "missing_lines": [], "excluded_lines": [], "start_line": 412}, "log_admin_action": {"executed_lines": [471, 480, 483], "summary": {"covered_lines": 3, "num_statements": 3, "percent_covered": 100.0, "percent_covered_display": "100", "missing_lines": 0, "excluded_lines": 0, "percent_statements_covered": 100.0, "percent_statements_covered_display": "100"}, "missing_lines": [], "excluded_lines": [], "start_line": 454}, "log_audit_event": {"executed_lines": [513, 524, 527], "summary": {"covered_lines": 3, "num_statements": 3, "percent_covered": 100.0, "percent_covered_display": "100", "missing_lines": 0, "excluded_lines": 0, "percent_statements_covered": 100.0, "percent_statements_covered_display": "100"}, "missing_lines": [], "excluded_lines": [], "start_line": 488}, "": {"executed_lines": [16, 17, 18, 19, 20, 21, 22, 23, 25, 26, 27, 30, 31, 32, 33, 34, 37, 38, 41, 42, 45, 46, 47, 50, 53, 54, 55, 56, 59, 74, 93, 107, 160, 189, 210, 226, 251, 269, 280, 283, 303, 330, 369, 412, 454, 488], "summary": {"covered_lines": 46, "num_statements": 46, "percent_covered": 100.0, "percent_covered_display": "100", "missing_lines": 0, "excluded_lines": 0, "percent_statements_covered": 100.0, "percent_statements_covered_display": "100"}, "missing_lines": [], "excluded_lines": [], "start_line": 1}}, "classes": {"AuditLog": {"executed_lines": [84, 85, 86, 87, 88, 89, 90, 91, 95], "summary": {"covered_lines": 9, "num_statements": 9, "percent_covered": 100.0, "percent_covered_display": "100", "missing_lines": 0, "excluded_lines": 0, "percent_statements_covered": 100.0, "percent_statements_covered_display": "100"}, "missing_lines": [], "excluded_lines": [], "start_line": 59}, "_persist_audit_log.AuditLogModel": {"executed_lines": [], "summary": {"covered_lines": 0, "num_statements": 0, "percent_covered": 100.0, "percent_covered_display": "100", "missing_lines": 0, "excluded_lines": 0, "percent_statements_covered": 100.0, "percent_statements_covered_display": "100"}, "missing_lines": [], "excluded_lines": [], "start_line": 131}, "": {"executed_lines": [16, 17, 18, 19, 20, 21, 22, 23, 25, 26, 27, 30, 31, 32, 33, 34, 37, 38, 41, 42, 45, 46, 47, 50, 53, 54, 55, 56, 59, 74, 93, 107, 118, 119, 121, 124, 125, 129, 131, 132, 133, 134, 135, 136, 137, 138, 139, 140, 142, 144, 145, 147, 148, 150, 151, 154, 155, 160, 168, 169, 172, 173, 176, 177, 178, 179, 181, 186, 189, 210, 226, 251, 269, 276, 280, 283, 295, 296, 299, 300, 303, 313, 315, 316, 318, 330, 347, 361, 364, 369, 386, 400, 403, 408, 409, 412, 429, 443, 446, 451, 454, 471, 480, 483, 488, 513, 524, 527], "summary": {"covered_lines": 108, "num_statements": 149, "percent_covered": 72.48322147651007, "percent_covered_display": "72", "missing_lines": 41, "excluded_lines": 0, "percent_statements_covered": 72.48322147651007, "percent_statements_covered_display": "72"}, "missing_lines": [157, 170, 182, 195, 196, 198, 199, 201, 202, 203, 206, 207, 218, 219, 220, 221, 222, 223, 234, 236, 237, 239, 240, 242, 245, 246, 247, 248, 257, 258, 259, 260, 262, 263, 264, 266, 321, 322, 324, 325, 327], "excluded_lines": [], "start_line": 1}}}, "app/auth.py": {"executed_lines": [10, 11, 12, 13, 14, 16, 17, 18, 19, 20, 21, 22, 24, 25, 26, 29, 32, 33, 34, 35, 38, 41, 44, 55, 57, 58, 60, 62, 63, 64, 67, 77, 78, 79, 80, 81, 82, 85, 100, 102, 103, 104, 110, 112, 114, 115, 116, 122, 124, 125, 126, 127, 133, 136, 137, 151, 152, 153, 159, 161, 164, 181, 183, 184, 185, 191, 193, 195, 203, 205, 206, 214, 217, 218, 232, 240, 242, 245, 257, 258, 260, 261, 263, 264, 266, 267, 268, 271, 272, 277, 278, 280, 283, 294, 296, 306, 309, 319, 320, 321, 323, 325, 332, 333, 334, 336, 337, 338, 340, 342, 343, 349, 368, 369, 375, 376, 381, 382, 384, 385, 391, 392, 394, 402, 403, 407, 408, 416, 418, 419, 427, 437, 438, 444, 445, 447, 450, 460, 463, 477, 491, 492, 493, 496, 497, 500, 501, 502, 504, 507, 527, 530, 531, 532, 533, 534, 535, 536, 538, 539, 540, 547, 549, 550, 551, 557, 560, 561, 569, 572, 573, 587, 595, 597], "summary": {"covered_lines": 174, "num_statements": 220, "percent_covered": 79.0909090909091, "percent_covered_display": "79", "missing_lines": 46, "excluded_lines": 0, "percent_statements_covered": 79.0909090909091, "percent_statements_covered_display": "79"}, "missing_lines": [138, 139, 140, 144, 145, 146, 196, 197, 207, 208, 219, 220, 221, 225, 226, 227, 233, 234, 273, 274, 275, 344, 345, 346, 395, 404, 409, 410, 411, 420, 421, 422, 429, 430, 431, 474, 562, 563, 574, 575, 576, 580, 581, 582, 588, 589], "excluded_lines": [], "functions": {"create_access_token": {"executed_lines": [55, 57, 58, 60, 62, 63, 64], "summary": {"covered_lines": 7, "num_statements": 7, "percent_covered": 100.0, "percent_covered_display": "100", "missing_lines": 0, "excluded_lines": 0, "percent_statements_covered": 100.0, "percent_statements_covered_display": "100"}, "missing_lines": [], "excluded_lines": [], "start_line": 44}, "verify_token": {"executed_lines": [77, 78, 79, 80, 81, 82], "summary": {"covered_lines": 6, "num_statements": 6, "percent_covered": 100.0, "percent_covered_display": "100", "missing_lines": 0, "excluded_lines": 0, "percent_statements_covered": 100.0, "percent_statements_covered_display": "100"}, "missing_lines": [], "excluded_lines": [], "start_line": 67}, "get_current_user": {"executed_lines": [100, 102, 103, 104, 110, 112, 114, 115, 116, 122, 124, 125, 126, 127, 133, 136, 137, 151, 152, 153, 159, 161], "summary": {"covered_lines": 22, "num_statements": 28, "percent_covered": 78.57142857142857, "percent_covered_display": "79", "missing_lines": 6, "excluded_lines": 0, "percent_statements_covered": 78.57142857142857, "percent_statements_covered_display": "79"}, "missing_lines": [138, 139, 140, 144, 145, 146], "excluded_lines": [], "start_line": 85}, "get_current_user_required": {"executed_lines": [181, 183, 184, 185, 191, 193, 195, 203, 205, 206, 214, 217, 218, 232, 240, 242], "summary": {"covered_lines": 16, "num_statements": 28, "percent_covered": 57.142857142857146, "percent_covered_display": "57", "missing_lines": 12, "excluded_lines": 0, "percent_statements_covered": 57.142857142857146, "percent_statements_covered_display": "57"}, "missing_lines": [196, 197, 207, 208, 219, 220, 221, 225, 226, 227, 233, 234], "excluded_lines": [], "start_line": 164}, "get_current_session": {"executed_lines": [257, 258, 260, 261, 263, 264, 266, 267, 268, 271, 272, 277, 278, 280], "summary": {"covered_lines": 14, "num_statements": 17, "percent_covered": 82.3529411764706, "percent_covered_display": "82", "missing_lines": 3, "excluded_lines": 0, "percent_statements_covered": 82.3529411764706, "percent_statements_covered_display": "82"}, "missing_lines": [273, 274, 275], "excluded_lines": [], "start_line": 245}, "create_oauth_client": {"executed_lines": [294, 296, 306], "summary": {"covered_lines": 3, "num_statements": 3, "percent_covered": 100.0, "percent_covered_display": "100", "missing_lines": 0, "excluded_lines": 0, "percent_statements_covered": 100.0, "percent_statements_covered_display": "100"}, "missing_lines": [], "excluded_lines": [], "start_line": 283}, "verify_google_token": {"executed_lines": [319, 320, 321, 323, 325, 332, 333, 334, 336, 337, 338, 340, 342, 343], "summary": {"covered_lines": 14, "num_statements": 17, "percent_covered": 82.3529411764706, "percent_covered_display": "82", "missing_lines": 3, "excluded_lines": 0, "percent_statements_covered": 82.3529411764706, "percent_statements_covered_display": "82"}, "missing_lines": [344, 345, 346], "excluded_lines": [], "start_line": 309}, "get_current_user_google": {"executed_lines": [368, 369, 375, 376, 381, 382, 384, 385, 391, 392, 394, 402, 403, 407, 408, 416, 418, 419, 427, 437, 438, 444, 445, 447], "summary": {"covered_lines": 24, "num_statements": 35, "percent_covered": 68.57142857142857, "percent_covered_display": "69", "missing_lines": 11, "excluded_lines": 0, "percent_statements_covered": 68.57142857142857, "percent_statements_covered_display": "69"}, "missing_lines": [395, 404, 409, 410, 411, 420, 421, 422, 429, 430, 431], "excluded_lines": [], "start_line": 349}, "hash_password": {"executed_lines": [460], "summary": {"covered_lines": 1, "num_statements": 1, "percent_covered": 100.0, "percent_covered_display": "100", "missing_lines": 0, "excluded_lines": 0, "percent_statements_covered": 100.0, "percent_statements_covered_display": "100"}, "missing_lines": [], "excluded_lines": [], "start_line": 450}, "verify_password": {"executed_lines": [], "summary": {"covered_lines": 0, "num_statements": 1, "percent_covered": 0.0, "percent_covered_display": "0", "missing_lines": 1, "excluded_lines": 0, "percent_statements_covered": 0.0, "percent_statements_covered_display": "0"}, "missing_lines": [474], "excluded_lines": [], "start_line": 463}, "get_initial_user_roles": {"executed_lines": [491, 492, 493, 496, 497, 500, 501, 502, 504], "summary": {"covered_lines": 9, "num_statements": 9, "percent_covered": 100.0, "percent_covered_display": "100", "missing_lines": 0, "excluded_lines": 0, "percent_statements_covered": 100.0, "percent_statements_covered_display": "100"}, "missing_lines": [], "excluded_lines": [], "start_line": 477}, "get_user_from_token_query": {"executed_lines": [527, 530, 531, 532, 533, 534, 535, 536, 538, 539, 540, 547, 549, 550, 551, 557, 560, 561, 569, 572, 573, 587, 595, 597], "summary": {"covered_lines": 24, "num_statements": 34, "percent_covered": 70.58823529411765, "percent_covered_display": "71", "missing_lines": 10, "excluded_lines": 0, "percent_statements_covered": 70.58823529411765, "percent_statements_covered_display": "71"}, "missing_lines": [562, 563, 574, 575, 576, 580, 581, 582, 588, 589], "excluded_lines": [], "start_line": 507}, "": {"executed_lines": [10, 11, 12, 13, 14, 16, 17, 18, 19, 20, 21, 22, 24, 25, 26, 29, 32, 33, 34, 35, 38, 41, 44, 67, 85, 164, 245, 283, 309, 349, 450, 463, 477, 507], "summary": {"covered_lines": 34, "num_statements": 34, "percent_covered": 100.0, "percent_covered_display": "100", "missing_lines": 0, "excluded_lines": 0, "percent_statements_covered": 100.0, "percent_statements_covered_display": "100"}, "missing_lines": [], "excluded_lines": [], "start_line": 1}}, "classes": {"": {"executed_lines": [10, 11, 12, 13, 14, 16, 17, 18, 19, 20, 21, 22, 24, 25, 26, 29, 32, 33, 34, 35, 38, 41, 44, 55, 57, 58, 60, 62, 63, 64, 67, 77, 78, 79, 80, 81, 82, 85, 100, 102, 103, 104, 110, 112, 114, 115, 116, 122, 124, 125, 126, 127, 133, 136, 137, 151, 152, 153, 159, 161, 164, 181, 183, 184, 185, 191, 193, 195, 203, 205, 206, 214, 217, 218, 232, 240, 242, 245, 257, 258, 260, 261, 263, 264, 266, 267, 268, 271, 272, 277, 278, 280, 283, 294, 296, 306, 309, 319, 320, 321, 323, 325, 332, 333, 334, 336, 337, 338, 340, 342, 343, 349, 368, 369, 375, 376, 381, 382, 384, 385, 391, 392, 394, 402, 403, 407, 408, 416, 418, 419, 427, 437, 438, 444, 445, 447, 450, 460, 463, 477, 491, 492, 493, 496, 497, 500, 501, 502, 504, 507, 527, 530, 531, 532, 533, 534, 535, 536, 538, 539, 540, 547, 549, 550, 551, 557, 560, 561, 569, 572, 573, 587, 595, 597], "summary": {"covered_lines": 174, "num_statements": 220, "percent_covered": 79.0909090909091, "percent_covered_display": "79", "missing_lines": 46, "excluded_lines": 0, "percent_statements_covered": 79.0909090909091, "percent_statements_covered_display": "79"}, "missing_lines": [138, 139, 140, 144, 145, 146, 196, 197, 207, 208, 219, 220, 221, 225, 226, 227, 233, 234, 273, 274, 275, 344, 345, 346, 395, 404, 409, 410, 411, 420, 421, 422, 429, 430, 431, 474, 562, 563, 574, 575, 576, 580, 581, 582, 588, 589], "excluded_lines": [], "start_line": 1}}}, "app/config.py": {"executed_lines": [5, 6, 8, 12, 49, 50, 52, 56, 57, 58, 60, 64, 65, 66, 68, 71, 72, 75, 76, 80, 81, 84, 87, 92, 93, 96, 97, 98, 102, 104, 105, 107, 108, 112, 113, 114, 118, 120, 122, 144, 145, 146, 147, 150, 151, 152, 153, 154, 157, 158, 159, 162, 165, 169, 172, 173, 176, 177], "summary": {"covered_lines": 58, "num_statements": 58, "percent_covered": 100.0, "percent_covered_display": "100", "missing_lines": 0, "excluded_lines": 0, "percent_statements_covered": 100.0, "percent_statements_covered_display": "100"}, "missing_lines": [], "excluded_lines": [], "functions": {"": {"executed_lines": [5, 6, 8, 12, 49, 50, 52, 56, 57, 58, 60, 64, 65, 66, 68, 71, 72, 75, 76, 80, 81, 84, 87, 92, 93, 96, 97, 98, 102, 104, 105, 107, 108, 112, 113, 114, 118, 120, 122, 144, 145, 146, 147, 150, 151, 152, 153, 154, 157, 158, 159, 162, 165, 169, 172, 173, 176, 177], "summary": {"covered_lines": 58, "num_statements": 58, "percent_covered": 100.0, "percent_covered_display": "100", "missing_lines": 0, "excluded_lines": 0, "percent_statements_covered": 100.0, "percent_statements_covered_display": "100"}, "missing_lines": [], "excluded_lines": [], "start_line": 1}}, "classes": {"": {"executed_lines": [5, 6, 8, 12, 49, 50, 52, 56, 57, 58, 60, 64, 65, 66, 68, 71, 72, 75, 76, 80, 81, 84, 87, 92, 93, 96, 97, 98, 102, 104, 105, 107, 108, 112, 113, 114, 118, 120, 122, 144, 145, 146, 147, 150, 151, 152, 153, 154, 157, 158, 159, 162, 165, 169, 172, 173, 176, 177], "summary": {"covered_lines": 58, "num_statements": 58, "percent_covered": 100.0, "percent_covered_display": "100", "missing_lines": 0, "excluded_lines": 0, "percent_statements_covered": 100.0, "percent_statements_covered_display": "100"}, "missing_lines": [], "excluded_lines": [], "start_line": 1}}}, "app/config/__init__.py": {"executed_lines": [19, 23, 24, 27, 28, 29, 30, 31, 32, 33, 34, 38, 39, 40], "summary": {"covered_lines": 14, "num_statements": 14, "percent_covered": 100.0, "percent_covered_display": "100", "missing_lines": 0, "excluded_lines": 0, "percent_statements_covered": 100.0, "percent_statements_covered_display": "100"}, "missing_lines": [], "excluded_lines": [], "functions": {"": {"executed_lines": [19, 23, 24, 27, 28, 29, 30, 31, 32, 33, 34, 38, 39, 40], "summary": {"covered_lines": 14, "num_statements": 14, "percent_covered": 100.0, "percent_covered_display": "100", "missing_lines": 0, "excluded_lines": 0, "percent_statements_covered": 100.0, "percent_statements_covered_display": "100"}, "missing_lines": [], "excluded_lines": [], "start_line": 1}}, "classes": {"": {"executed_lines": [19, 23, 24, 27, 28, 29, 30, 31, 32, 33, 34, 38, 39, 40], "summary": {"covered_lines": 14, "num_statements": 14, "percent_covered": 100.0, "percent_covered_display": "100", "missing_lines": 0, "excluded_lines": 0, "percent_statements_covered": 100.0, "percent_statements_covered_display": "100"}, "missing_lines": [], "excluded_lines": [], "start_line": 1}}}, "app/config/database.py": {"executed_lines": [14, 15, 16, 20, 27, 28, 30, 31, 33, 34, 42, 43, 45, 46, 48, 49, 51, 52, 54, 55, 57, 58, 61, 69, 72, 91, 92, 94, 102, 103, 105, 106, 108, 109, 111, 112, 114, 115, 118, 119, 121, 122, 124, 125, 127, 128, 130, 131, 133, 134, 137, 145, 148, 153, 156, 173, 174, 176, 184, 193, 196, 205, 212, 225, 226, 228, 229, 231, 232, 234, 235, 237, 240, 268], "summary": {"covered_lines": 74, "num_statements": 88, "percent_covered": 84.0909090909091, "percent_covered_display": "84", "missing_lines": 14, "excluded_lines": 0, "percent_statements_covered": 84.0909090909091, "percent_statements_covered_display": "84"}, "missing_lines": [253, 254, 256, 257, 259, 260, 262, 263, 265, 280, 281, 284, 285, 287], "excluded_lines": [], "functions": {"get_mongodb_uri": {"executed_lines": [91, 92, 94], "summary": {"covered_lines": 3, "num_statements": 3, "percent_covered": 100.0, "percent_covered_display": "100", "missing_lines": 0, "excluded_lines": 0, "percent_statements_covered": 100.0, "percent_statements_covered_display": "100"}, "missing_lines": [], "excluded_lines": [], "start_line": 72}, "get_cache_ttl": {"executed_lines": [173, 174, 176], "summary": {"covered_lines": 3, "num_statements": 3, "percent_covered": 100.0, "percent_covered_display": "100", "missing_lines": 0, "excluded_lines": 0, "percent_statements_covered": 100.0, "percent_statements_covered_display": "100"}, "missing_lines": [], "excluded_lines": [], "start_line": 156}, "validate_mongodb_config": {"executed_lines": [225, 226, 228, 229, 231, 232, 234, 235, 237], "summary": {"covered_lines": 9, "num_statements": 9, "percent_covered": 100.0, "percent_covered_display": "100", "missing_lines": 0, "excluded_lines": 0, "percent_statements_covered": 100.0, "percent_statements_covered_display": "100"}, "missing_lines": [], "excluded_lines": [], "start_line": 212}, "validate_redis_config": {"executed_lines": [], "summary": {"covered_lines": 0, "num_statements": 9, "percent_covered": 0.0, "percent_covered_display": "0", "missing_lines": 9, "excluded_lines": 0, "percent_statements_covered": 0.0, "percent_statements_covered_display": "0"}, "missing_lines": [253, 254, 256, 257, 259, 260, 262, 263, 265], "excluded_lines": [], "start_line": 240}, "validate_all_database_config": {"executed_lines": [], "summary": {"covered_lines": 0, "num_statements": 5, "percent_covered": 0.0, "percent_covered_display": "0", "missing_lines": 5, "excluded_lines": 0, "percent_statements_covered": 0.0, "percent_statements_covered_display": "0"}, "missing_lines": [280, 281, 284, 285, 287], "excluded_lines": [], "start_line": 268}, "": {"executed_lines": [14, 15, 16, 20, 27, 28, 30, 31, 33, 34, 42, 43, 45, 46, 48, 49, 51, 52, 54, 55, 57, 58, 61, 69, 72, 102, 103, 105, 106, 108, 109, 111, 112, 114, 115, 118, 119, 121, 122, 124, 125, 127, 128, 130, 131, 133, 134, 137, 145, 148, 153, 156, 184, 193, 196, 205, 212, 240, 268], "summary": {"covered_lines": 59, "num_statements": 59, "percent_covered": 100.0, "percent_covered_display": "100", "missing_lines": 0, "excluded_lines": 0, "percent_statements_covered": 100.0, "percent_statements_covered_display": "100"}, "missing_lines": [], "excluded_lines": [], "start_line": 1}}, "classes": {"": {"executed_lines": [14, 15, 16, 20, 27, 28, 30, 31, 33, 34, 42, 43, 45, 46, 48, 49, 51, 52, 54, 55, 57, 58, 61, 69, 72, 91, 92, 94, 102, 103, 105, 106, 108, 109, 111, 112, 114, 115, 118, 119, 121, 122, 124, 125, 127, 128, 130, 131, 133, 134, 137, 145, 148, 153, 156, 173, 174, 176, 184, 193, 196, 205, 212, 225, 226, 228, 229, 231, 232, 234, 235, 237, 240, 268], "summary": {"covered_lines": 74, "num_statements": 88, "percent_covered": 84.0909090909091, "percent_covered_display": "84", "missing_lines": 14, "excluded_lines": 0, "percent_statements_covered": 84.0909090909091, "percent_statements_covered_display": "84"}, "missing_lines": [253, 254, 256, 257, 259, 260, 262, 263, 265, 280, 281, 284, 285, 287], "excluded_lines": [], "start_line": 1}}}, "app/controllers/__init__.py": {"executed_lines": [], "summary": {"covered_lines": 0, "num_statements": 0, "percent_covered": 100.0, "percent_covered_display": "100", "missing_lines": 0, "excluded_lines": 0, "percent_statements_covered": 100.0, "percent_statements_covered_display": "100"}, "missing_lines": [], "excluded_lines": [], "functions": {"": {"executed_lines": [], "summary": {"covered_lines": 0, "num_statements": 0, "percent_covered": 100.0, "percent_covered_display": "100", "missing_lines": 0, "excluded_lines": 0, "percent_statements_covered": 100.0, "percent_statements_covered_display": "100"}, "missing_lines": [], "excluded_lines": [], "start_line": 1}}, "classes": {"": {"executed_lines": [], "summary": {"covered_lines": 0, "num_statements": 0, "percent_covered": 100.0, "percent_covered_display": "100", "missing_lines": 0, "excluded_lines": 0, "percent_statements_covered": 100.0, "percent_statements_covered_display": "100"}, "missing_lines": [], "excluded_lines": [], "start_line": 1}}}, "app/controllers/agent_mode/__init__.py": {"executed_lines": [3, 5], "summary": {"covered_lines": 2, "num_statements": 2, "percent_covered": 100.0, "percent_covered_display": "100", "missing_lines": 0, "excluded_lines": 0, "percent_statements_covered": 100.0, "percent_statements_covered_display": "100"}, "missing_lines": [], "excluded_lines": [], "functions": {"": {"executed_lines": [3, 5], "summary": {"covered_lines": 2, "num_statements": 2, "percent_covered": 100.0, "percent_covered_display": "100", "missing_lines": 0, "excluded_lines": 0, "percent_statements_covered": 100.0, "percent_statements_covered_display": "100"}, "missing_lines": [], "excluded_lines": [], "start_line": 1}}, "classes": {"": {"executed_lines": [3, 5], "summary": {"covered_lines": 2, "num_statements": 2, "percent_covered": 100.0, "percent_covered_display": "100", "missing_lines": 0, "excluded_lines": 0, "percent_statements_covered": 100.0, "percent_statements_covered_display": "100"}, "missing_lines": [], "excluded_lines": [], "start_line": 1}}}, "app/controllers/agent_mode/controller.py": {"executed_lines": [12, 13, 14, 15, 17, 18, 20, 23, 34, 47, 62, 98, 215, 303, 344, 362, 371, 387], "summary": {"covered_lines": 18, "num_statements": 114, "percent_covered": 15.789473684210526, "percent_covered_display": "16", "missing_lines": 96, "excluded_lines": 0, "percent_statements_covered": 15.789473684210526, "percent_statements_covered_display": "16"}, "missing_lines": [42, 43, 44, 45, 54, 55, 56, 57, 58, 59, 60, 75, 76, 77, 78, 81, 84, 87, 89, 94, 95, 119, 125, 130, 131, 136, 139, 144, 151, 154, 159, 167, 173, 176, 181, 189, 191, 194, 197, 200, 204, 208, 209, 210, 213, 238, 239, 240, 241, 243, 244, 250, 255, 262, 265, 268, 275, 277, 279, 283, 284, 285, 288, 295, 298, 301, 316, 317, 318, 319, 321, 322, 325, 328, 330, 334, 340, 341, 342, 357, 358, 360, 369, 378, 379, 380, 381, 382, 393, 396, 397, 398, 399, 400, 405, 407], "excluded_lines": [], "functions": {"AgentModeController.__init__": {"executed_lines": [], "summary": {"covered_lines": 0, "num_statements": 4, "percent_covered": 0.0, "percent_covered_display": "0", "missing_lines": 4, "excluded_lines": 0, "percent_statements_covered": 0.0, "percent_statements_covered_display": "0"}, "missing_lines": [42, 43, 44, 45], "excluded_lines": [], "start_line": 34}, "AgentModeController._get_pubsub_service": {"executed_lines": [], "summary": {"covered_lines": 0, "num_statements": 7, "percent_covered": 0.0, "percent_covered_display": "0", "missing_lines": 7, "excluded_lines": 0, "percent_statements_covered": 0.0, "percent_statements_covered_display": "0"}, "missing_lines": [54, 55, 56, 57, 58, 59, 60], "excluded_lines": [], "start_line": 47}, "AgentModeController._publish_log": {"executed_lines": [], "summary": {"covered_lines": 0, "num_statements": 10, "percent_covered": 0.0, "percent_covered_display": "0", "missing_lines": 10, "excluded_lines": 0, "percent_statements_covered": 0.0, "percent_statements_covered_display": "0"}, "missing_lines": [75, 76, 77, 78, 81, 84, 87, 89, 94, 95], "excluded_lines": [], "start_line": 62}, "AgentModeController.create_session": {"executed_lines": [], "summary": {"covered_lines": 0, "num_statements": 24, "percent_covered": 0.0, "percent_covered_display": "0", "missing_lines": 24, "excluded_lines": 0, "percent_statements_covered": 0.0, "percent_statements_covered_display": "0"}, "missing_lines": [119, 125, 130, 131, 136, 139, 144, 151, 154, 159, 167, 173, 176, 181, 189, 191, 194, 197, 200, 204, 208, 209, 210, 213], "excluded_lines": [], "start_line": 98}, "AgentModeController.process_command": {"executed_lines": [], "summary": {"covered_lines": 0, "num_statements": 21, "percent_covered": 0.0, "percent_covered_display": "0", "missing_lines": 21, "excluded_lines": 0, "percent_statements_covered": 0.0, "percent_statements_covered_display": "0"}, "missing_lines": [238, 239, 240, 241, 243, 244, 250, 255, 262, 265, 268, 275, 277, 279, 283, 284, 285, 288, 295, 298, 301], "excluded_lines": [], "start_line": 215}, "AgentModeController.close_session": {"executed_lines": [], "summary": {"covered_lines": 0, "num_statements": 13, "percent_covered": 0.0, "percent_covered_display": "0", "missing_lines": 13, "excluded_lines": 0, "percent_statements_covered": 0.0, "percent_statements_covered_display": "0"}, "missing_lines": [316, 317, 318, 319, 321, 322, 325, 328, 330, 334, 340, 341, 342], "excluded_lines": [], "start_line": 303}, "AgentModeController.get_session_status": {"executed_lines": [], "summary": {"covered_lines": 0, "num_statements": 3, "percent_covered": 0.0, "percent_covered_display": "0", "missing_lines": 3, "excluded_lines": 0, "percent_statements_covered": 0.0, "percent_statements_covered_display": "0"}, "missing_lines": [357, 358, 360], "excluded_lines": [], "start_line": 344}, "AgentModeController.list_active_sessions": {"executed_lines": [], "summary": {"covered_lines": 0, "num_statements": 1, "percent_covered": 0.0, "percent_covered_display": "0", "missing_lines": 1, "excluded_lines": 0, "percent_statements_covered": 0.0, "percent_statements_covered_display": "0"}, "missing_lines": [369], "excluded_lines": [], "start_line": 362}, "AgentModeController.health_check": {"executed_lines": [], "summary": {"covered_lines": 0, "num_statements": 5, "percent_covered": 0.0, "percent_covered_display": "0", "missing_lines": 5, "excluded_lines": 0, "percent_statements_covered": 0.0, "percent_statements_covered_display": "0"}, "missing_lines": [378, 379, 380, 381, 382], "excluded_lines": [], "start_line": 371}, "AgentModeController.cleanup": {"executed_lines": [], "summary": {"covered_lines": 0, "num_statements": 8, "percent_covered": 0.0, "percent_covered_display": "0", "missing_lines": 8, "excluded_lines": 0, "percent_statements_covered": 0.0, "percent_statements_covered_display": "0"}, "missing_lines": [393, 396, 397, 398, 399, 400, 405, 407], "excluded_lines": [], "start_line": 387}, "": {"executed_lines": [12, 13, 14, 15, 17, 18, 20, 23, 34, 47, 62, 98, 215, 303, 344, 362, 371, 387], "summary": {"covered_lines": 18, "num_statements": 18, "percent_covered": 100.0, "percent_covered_display": "100", "missing_lines": 0, "excluded_lines": 0, "percent_statements_covered": 100.0, "percent_statements_covered_display": "100"}, "missing_lines": [], "excluded_lines": [], "start_line": 1}}, "classes": {"AgentModeController": {"executed_lines": [], "summary": {"covered_lines": 0, "num_statements": 96, "percent_covered": 0.0, "percent_covered_display": "0", "missing_lines": 96, "excluded_lines": 0, "percent_statements_covered": 0.0, "percent_statements_covered_display": "0"}, "missing_lines": [42, 43, 44, 45, 54, 55, 56, 57, 58, 59, 60, 75, 76, 77, 78, 81, 84, 87, 89, 94, 95, 119, 125, 130, 131, 136, 139, 144, 151, 154, 159, 167, 173, 176, 181, 189, 191, 194, 197, 200, 204, 208, 209, 210, 213, 238, 239, 240, 241, 243, 244, 250, 255, 262, 265, 268, 275, 277, 279, 283, 284, 285, 288, 295, 298, 301, 316, 317, 318, 319, 321, 322, 325, 328, 330, 334, 340, 341, 342, 357, 358, 360, 369, 378, 379, 380, 381, 382, 393, 396, 397, 398, 399, 400, 405, 407], "excluded_lines": [], "start_line": 23}, "": {"executed_lines": [12, 13, 14, 15, 17, 18, 20, 23, 34, 47, 62, 98, 215, 303, 344, 362, 371, 387], "summary": {"covered_lines": 18, "num_statements": 18, "percent_covered": 100.0, "percent_covered_display": "100", "missing_lines": 0, "excluded_lines": 0, "percent_statements_covered": 100.0, "percent_statements_covered_display": "100"}, "missing_lines": [], "excluded_lines": [], "start_line": 1}}}, "app/core/__init__.py": {"executed_lines": [5, 6, 8], "summary": {"covered_lines": 3, "num_statements": 3, "percent_covered": 100.0, "percent_covered_display": "100", "missing_lines": 0, "excluded_lines": 0, "percent_statements_covered": 100.0, "percent_statements_covered_display": "100"}, "missing_lines": [], "excluded_lines": [], "functions": {"": {"executed_lines": [5, 6, 8], "summary": {"covered_lines": 3, "num_statements": 3, "percent_covered": 100.0, "percent_covered_display": "100", "missing_lines": 0, "excluded_lines": 0, "percent_statements_covered": 100.0, "percent_statements_covered_display": "100"}, "missing_lines": [], "excluded_lines": [], "start_line": 1}}, "classes": {"": {"executed_lines": [5, 6, 8], "summary": {"covered_lines": 3, "num_statements": 3, "percent_covered": 100.0, "percent_covered_display": "100", "missing_lines": 0, "excluded_lines": 0, "percent_statements_covered": 100.0, "percent_statements_covered_display": "100"}, "missing_lines": [], "excluded_lines": [], "start_line": 1}}}, "app/core/exceptions.py": {"executed_lines": [12, 13, 16, 30, 46, 51, 56, 59, 60, 68, 71, 72, 80, 83, 84, 92, 95, 96, 106, 109, 110, 118, 121, 122, 132, 135, 136, 144, 147, 148, 156, 159, 160, 170, 173, 174, 181, 184, 185, 194, 197, 198, 206, 209, 210], "summary": {"covered_lines": 45, "num_statements": 45, "percent_covered": 100.0, "percent_covered_display": "100", "missing_lines": 0, "excluded_lines": 0, "percent_statements_covered": 100.0, "percent_statements_covered_display": "100"}, "missing_lines": [], "excluded_lines": [], "functions": {"ScareVerseException.__init__": {"executed_lines": [46, 51], "summary": {"covered_lines": 2, "num_statements": 2, "percent_covered": 100.0, "percent_covered_display": "100", "missing_lines": 0, "excluded_lines": 0, "percent_statements_covered": 100.0, "percent_statements_covered_display": "100"}, "missing_lines": [], "excluded_lines": [], "start_line": 30}, "CellNotFoundException.__init__": {"executed_lines": [60], "summary": {"covered_lines": 1, "num_statements": 1, "percent_covered": 100.0, "percent_covered_display": "100", "missing_lines": 0, "excluded_lines": 0, "percent_statements_covered": 100.0, "percent_statements_covered_display": "100"}, "missing_lines": [], "excluded_lines": [], "start_line": 59}, "BookNotFoundException.__init__": {"executed_lines": [72], "summary": {"covered_lines": 1, "num_statements": 1, "percent_covered": 100.0, "percent_covered_display": "100", "missing_lines": 0, "excluded_lines": 0, "percent_statements_covered": 100.0, "percent_statements_covered_display": "100"}, "missing_lines": [], "excluded_lines": [], "start_line": 71}, "FragmentNotFoundException.__init__": {"executed_lines": [84], "summary": {"covered_lines": 1, "num_statements": 1, "percent_covered": 100.0, "percent_covered_display": "100", "missing_lines": 0, "excluded_lines": 0, "percent_statements_covered": 100.0, "percent_statements_covered_display": "100"}, "missing_lines": [], "excluded_lines": [], "start_line": 83}, "ResourceNotFoundException.__init__": {"executed_lines": [96], "summary": {"covered_lines": 1, "num_statements": 1, "percent_covered": 100.0, "percent_covered_display": "100", "missing_lines": 0, "excluded_lines": 0, "percent_statements_covered": 100.0, "percent_statements_covered_display": "100"}, "missing_lines": [], "excluded_lines": [], "start_line": 95}, "ValidationException.__init__": {"executed_lines": [110], "summary": {"covered_lines": 1, "num_statements": 1, "percent_covered": 100.0, "percent_covered_display": "100", "missing_lines": 0, "excluded_lines": 0, "percent_statements_covered": 100.0, "percent_statements_covered_display": "100"}, "missing_lines": [], "excluded_lines": [], "start_line": 109}, "InvalidDataException.__init__": {"executed_lines": [122], "summary": {"covered_lines": 1, "num_statements": 1, "percent_covered": 100.0, "percent_covered_display": "100", "missing_lines": 0, "excluded_lines": 0, "percent_statements_covered": 100.0, "percent_statements_covered_display": "100"}, "missing_lines": [], "excluded_lines": [], "start_line": 121}, "SaveFailedException.__init__": {"executed_lines": [136], "summary": {"covered_lines": 1, "num_statements": 1, "percent_covered": 100.0, "percent_covered_display": "100", "missing_lines": 0, "excluded_lines": 0, "percent_statements_covered": 100.0, "percent_statements_covered_display": "100"}, "missing_lines": [], "excluded_lines": [], "start_line": 135}, "LoadFailedException.__init__": {"executed_lines": [148], "summary": {"covered_lines": 1, "num_statements": 1, "percent_covered": 100.0, "percent_covered_display": "100", "missing_lines": 0, "excluded_lines": 0, "percent_statements_covered": 100.0, "percent_statements_covered_display": "100"}, "missing_lines": [], "excluded_lines": [], "start_line": 147}, "DeleteFailedException.__init__": {"executed_lines": [160], "summary": {"covered_lines": 1, "num_statements": 1, "percent_covered": 100.0, "percent_covered_display": "100", "missing_lines": 0, "excluded_lines": 0, "percent_statements_covered": 100.0, "percent_statements_covered_display": "100"}, "missing_lines": [], "excluded_lines": [], "start_line": 159}, "UnauthorizedException.__init__": {"executed_lines": [174], "summary": {"covered_lines": 1, "num_statements": 1, "percent_covered": 100.0, "percent_covered_display": "100", "missing_lines": 0, "excluded_lines": 0, "percent_statements_covered": 100.0, "percent_statements_covered_display": "100"}, "missing_lines": [], "excluded_lines": [], "start_line": 173}, "ForbiddenException.__init__": {"executed_lines": [185], "summary": {"covered_lines": 1, "num_statements": 1, "percent_covered": 100.0, "percent_covered_display": "100", "missing_lines": 0, "excluded_lines": 0, "percent_statements_covered": 100.0, "percent_statements_covered_display": "100"}, "missing_lines": [], "excluded_lines": [], "start_line": 184}, "ServerException.__init__": {"executed_lines": [198], "summary": {"covered_lines": 1, "num_statements": 1, "percent_covered": 100.0, "percent_covered_display": "100", "missing_lines": 0, "excluded_lines": 0, "percent_statements_covered": 100.0, "percent_statements_covered_display": "100"}, "missing_lines": [], "excluded_lines": [], "start_line": 197}, "NetworkException.__init__": {"executed_lines": [210], "summary": {"covered_lines": 1, "num_statements": 1, "percent_covered": 100.0, "percent_covered_display": "100", "missing_lines": 0, "excluded_lines": 0, "percent_statements_covered": 100.0, "percent_statements_covered_display": "100"}, "missing_lines": [], "excluded_lines": [], "start_line": 209}, "": {"executed_lines": [12, 13, 16, 30, 56, 59, 68, 71, 80, 83, 92, 95, 106, 109, 118, 121, 132, 135, 144, 147, 156, 159, 170, 173, 181, 184, 194, 197, 206, 209], "summary": {"covered_lines": 30, "num_statements": 30, "percent_covered": 100.0, "percent_covered_display": "100", "missing_lines": 0, "excluded_lines": 0, "percent_statements_covered": 100.0, "percent_statements_covered_display": "100"}, "missing_lines": [], "excluded_lines": [], "start_line": 1}}, "classes": {"ScareVerseException": {"executed_lines": [46, 51], "summary": {"covered_lines": 2, "num_statements": 2, "percent_covered": 100.0, "percent_covered_display": "100", "missing_lines": 0, "excluded_lines": 0, "percent_statements_covered": 100.0, "percent_statements_covered_display": "100"}, "missing_lines": [], "excluded_lines": [], "start_line": 16}, "CellNotFoundException": {"executed_lines": [60], "summary": {"covered_lines": 1, "num_statements": 1, "percent_covered": 100.0, "percent_covered_display": "100", "missing_lines": 0, "excluded_lines": 0, "percent_statements_covered": 100.0, "percent_statements_covered_display": "100"}, "missing_lines": [], "excluded_lines": [], "start_line": 56}, "BookNotFoundException": {"executed_lines": [72], "summary": {"covered_lines": 1, "num_statements": 1, "percent_covered": 100.0, "percent_covered_display": "100", "missing_lines": 0, "excluded_lines": 0, "percent_statements_covered": 100.0, "percent_statements_covered_display": "100"}, "missing_lines": [], "excluded_lines": [], "start_line": 68}, "FragmentNotFoundException": {"executed_lines": [84], "summary": {"covered_lines": 1, "num_statements": 1, "percent_covered": 100.0, "percent_covered_display": "100", "missing_lines": 0, "excluded_lines": 0, "percent_statements_covered": 100.0, "percent_statements_covered_display": "100"}, "missing_lines": [], "excluded_lines": [], "start_line": 80}, "ResourceNotFoundException": {"executed_lines": [96], "summary": {"covered_lines": 1, "num_statements": 1, "percent_covered": 100.0, "percent_covered_display": "100", "missing_lines": 0, "excluded_lines": 0, "percent_statements_covered": 100.0, "percent_statements_covered_display": "100"}, "missing_lines": [], "excluded_lines": [], "start_line": 92}, "ValidationException": {"executed_lines": [110], "summary": {"covered_lines": 1, "num_statements": 1, "percent_covered": 100.0, "percent_covered_display": "100", "missing_lines": 0, "excluded_lines": 0, "percent_statements_covered": 100.0, "percent_statements_covered_display": "100"}, "missing_lines": [], "excluded_lines": [], "start_line": 106}, "InvalidDataException": {"executed_lines": [122], "summary": {"covered_lines": 1, "num_statements": 1, "percent_covered": 100.0, "percent_covered_display": "100", "missing_lines": 0, "excluded_lines": 0, "percent_statements_covered": 100.0, "percent_statements_covered_display": "100"}, "missing_lines": [], "excluded_lines": [], "start_line": 118}, "SaveFailedException": {"executed_lines": [136], "summary": {"covered_lines": 1, "num_statements": 1, "percent_covered": 100.0, "percent_covered_display": "100", "missing_lines": 0, "excluded_lines": 0, "percent_statements_covered": 100.0, "percent_statements_covered_display": "100"}, "missing_lines": [], "excluded_lines": [], "start_line": 132}, "LoadFailedException": {"executed_lines": [148], "summary": {"covered_lines": 1, "num_statements": 1, "percent_covered": 100.0, "percent_covered_display": "100", "missing_lines": 0, "excluded_lines": 0, "percent_statements_covered": 100.0, "percent_statements_covered_display": "100"}, "missing_lines": [], "excluded_lines": [], "start_line": 144}, "DeleteFailedException": {"executed_lines": [160], "summary": {"covered_lines": 1, "num_statements": 1, "percent_covered": 100.0, "percent_covered_display": "100", "missing_lines": 0, "excluded_lines": 0, "percent_statements_covered": 100.0, "percent_statements_covered_display": "100"}, "missing_lines": [], "excluded_lines": [], "start_line": 156}, "UnauthorizedException": {"executed_lines": [174], "summary": {"covered_lines": 1, "num_statements": 1, "percent_covered": 100.0, "percent_covered_display": "100", "missing_lines": 0, "excluded_lines": 0, "percent_statements_covered": 100.0, "percent_statements_covered_display": "100"}, "missing_lines": [], "excluded_lines": [], "start_line": 170}, "ForbiddenException": {"executed_lines": [185], "summary": {"covered_lines": 1, "num_statements": 1, "percent_covered": 100.0, "percent_covered_display": "100", "missing_lines": 0, "excluded_lines": 0, "percent_statements_covered": 100.0, "percent_statements_covered_display": "100"}, "missing_lines": [], "excluded_lines": [], "start_line": 181}, "ServerException": {"executed_lines": [198], "summary": {"covered_lines": 1, "num_statements": 1, "percent_covered": 100.0, "percent_covered_display": "100", "missing_lines": 0, "excluded_lines": 0, "percent_statements_covered": 100.0, "percent_statements_covered_display": "100"}, "missing_lines": [], "excluded_lines": [], "start_line": 194}, "NetworkException": {"executed_lines": [210], "summary": {"covered_lines": 1, "num_statements": 1, "percent_covered": 100.0, "percent_covered_display": "100", "missing_lines": 0, "excluded_lines": 0, "percent_statements_covered": 100.0, "percent_statements_covered_display": "100"}, "missing_lines": [], "excluded_lines": [], "start_line": 206}, "": {"executed_lines": [12, 13, 16, 30, 56, 59, 68, 71, 80, 83, 92, 95, 106, 109, 118, 121, 132, 135, 144, 147, 156, 159, 170, 173, 181, 184, 194, 197, 206, 209], "summary": {"covered_lines": 30, "num_statements": 30, "percent_covered": 100.0, "percent_covered_display": "100", "missing_lines": 0, "excluded_lines": 0, "percent_statements_covered": 100.0, "percent_statements_covered_display": "100"}, "missing_lines": [], "excluded_lines": [], "start_line": 1}}}, "app/core/models.py": {"executed_lines": [14, 15, 16, 17, 20, 22, 25, 34, 35, 36, 37, 38, 39, 41, 46, 60, 64, 70, 77, 83, 90, 94, 99, 106, 131, 137, 140, 146, 147, 150, 153, 159, 165, 171, 177, 183, 187, 192, 196, 215, 222, 223, 224, 226, 233, 234, 236, 243, 244, 245, 248, 254, 261, 262, 264, 274, 275, 278, 280, 281, 283, 286], "summary": {"covered_lines": 62, "num_statements": 62, "percent_covered": 100.0, "percent_covered_display": "100", "missing_lines": 0, "excluded_lines": 0, "percent_statements_covered": 100.0, "percent_statements_covered_display": "100"}, "missing_lines": [], "excluded_lines": [], "functions": {"generate_uuid": {"executed_lines": [22], "summary": {"covered_lines": 1, "num_statements": 1, "percent_covered": 100.0, "percent_covered_display": "100", "missing_lines": 0, "excluded_lines": 0, "percent_statements_covered": 100.0, "percent_statements_covered_display": "100"}, "missing_lines": [], "excluded_lines": [], "start_line": 20}, "PipelineItem.add_fragment": {"executed_lines": [215, 222, 223, 224], "summary": {"covered_lines": 4, "num_statements": 4, "percent_covered": 100.0, "percent_covered_display": "100", "missing_lines": 0, "excluded_lines": 0, "percent_statements_covered": 100.0, "percent_statements_covered_display": "100"}, "missing_lines": [], "excluded_lines": [], "start_line": 196}, "PipelineItem.update_status": {"executed_lines": [233, 234], "summary": {"covered_lines": 2, "num_statements": 2, "percent_covered": 100.0, "percent_covered_display": "100", "missing_lines": 0, "excluded_lines": 0, "percent_statements_covered": 100.0, "percent_statements_covered_display": "100"}, "missing_lines": [], "excluded_lines": [], "start_line": 226}, "PipelineItem.set_error": {"executed_lines": [243, 244, 245, 248], "summary": {"covered_lines": 4, "num_statements": 4, "percent_covered": 100.0, "percent_covered_display": "100", "missing_lines": 0, "excluded_lines": 0, "percent_statements_covered": 100.0, "percent_statements_covered_display": "100"}, "missing_lines": [], "excluded_lines": [], "start_line": 236}, "PipelineItem.merge_data": {"executed_lines": [261, 262], "summary": {"covered_lines": 2, "num_statements": 2, "percent_covered": 100.0, "percent_covered_display": "100", "missing_lines": 0, "excluded_lines": 0, "percent_statements_covered": 100.0, "percent_statements_covered_display": "100"}, "missing_lines": [], "excluded_lines": [], "start_line": 254}, "PipelineItem.get_fragments_since": {"executed_lines": [274, 275, 278, 280, 281, 283, 286], "summary": {"covered_lines": 7, "num_statements": 7, "percent_covered": 100.0, "percent_covered_display": "100", "missing_lines": 0, "excluded_lines": 0, "percent_statements_covered": 100.0, "percent_statements_covered_display": "100"}, "missing_lines": [], "excluded_lines": [], "start_line": 264}, "": {"executed_lines": [14, 15, 16, 17, 20, 25, 34, 35, 36, 37, 38, 39, 41, 46, 60, 64, 70, 77, 83, 90, 94, 99, 106, 131, 137, 140, 146, 147, 150, 153, 159, 165, 171, 177, 183, 187, 192, 196, 226, 236, 254, 264], "summary": {"covered_lines": 42, "num_statements": 42, "percent_covered": 100.0, "percent_covered_display": "100", "missing_lines": 0, "excluded_lines": 0, "percent_statements_covered": 100.0, "percent_statements_covered_display": "100"}, "missing_lines": [], "excluded_lines": [], "start_line": 1}}, "classes": {"Fragment": {"executed_lines": [], "summary": {"covered_lines": 0, "num_statements": 0, "percent_covered": 100.0, "percent_covered_display": "100", "missing_lines": 0, "excluded_lines": 0, "percent_statements_covered": 100.0, "percent_statements_covered_display": "100"}, "missing_lines": [], "excluded_lines": [], "start_line": 25}, "NotebookItem": {"executed_lines": [], "summary": {"covered_lines": 0, "num_statements": 0, "percent_covered": 100.0, "percent_covered_display": "100", "missing_lines": 0, "excluded_lines": 0, "percent_statements_covered": 100.0, "percent_statements_covered_display": "100"}, "missing_lines": [], "excluded_lines": [], "start_line": 46}, "PipelineItem": {"executed_lines": [215, 222, 223, 224, 233, 234, 243, 244, 245, 248, 261, 262, 274, 275, 278, 280, 281, 283, 286], "summary": {"covered_lines": 19, "num_statements": 19, "percent_covered": 100.0, "percent_covered_display": "100", "missing_lines": 0, "excluded_lines": 0, "percent_statements_covered": 100.0, "percent_statements_covered_display": "100"}, "missing_lines": [], "excluded_lines": [], "start_line": 106}, "": {"executed_lines": [14, 15, 16, 17, 20, 22, 25, 34, 35, 36, 37, 38, 39, 41, 46, 60, 64, 70, 77, 83, 90, 94, 99, 106, 131, 137, 140, 146, 147, 150, 153, 159, 165, 171, 177, 183, 187, 192, 196, 226, 236, 254, 264], "summary": {"covered_lines": 43, "num_statements": 43, "percent_covered": 100.0, "percent_covered_display": "100", "missing_lines": 0, "excluded_lines": 0, "percent_statements_covered": 100.0, "percent_statements_covered_display": "100"}, "missing_lines": [], "excluded_lines": [], "start_line": 1}}}, "app/core/redis_client.py": {"executed_lines": [8, 9, 10, 11, 13, 21, 24, 27, 65, 79, 85, 98, 100, 101, 102, 108, 110, 113, 115, 117, 123, 124, 125], "summary": {"covered_lines": 23, "num_statements": 45, "percent_covered": 51.111111111111114, "percent_covered_display": "51", "missing_lines": 22, "excluded_lines": 0, "percent_statements_covered": 51.111111111111114, "percent_statements_covered_display": "51"}, "missing_lines": [36, 37, 38, 40, 41, 43, 44, 55, 56, 57, 59, 60, 61, 62, 69, 70, 71, 72, 73, 74, 76, 82], "excluded_lines": [], "functions": {"get_redis_client": {"executed_lines": [], "summary": {"covered_lines": 0, "num_statements": 14, "percent_covered": 0.0, "percent_covered_display": "0", "missing_lines": 14, "excluded_lines": 0, "percent_statements_covered": 0.0, "percent_statements_covered_display": "0"}, "missing_lines": [36, 37, 38, 40, 41, 43, 44, 55, 56, 57, 59, 60, 61, 62], "excluded_lines": [], "start_line": 27}, "close_redis_client": {"executed_lines": [], "summary": {"covered_lines": 0, "num_statements": 7, "percent_covered": 0.0, "percent_covered_display": "0", "missing_lines": 7, "excluded_lines": 0, "percent_statements_covered": 0.0, "percent_statements_covered_display": "0"}, "missing_lines": [69, 70, 71, 72, 73, 74, 76], "excluded_lines": [], "start_line": 65}, "reset_redis_client": {"executed_lines": [], "summary": {"covered_lines": 0, "num_statements": 1, "percent_covered": 0.0, "percent_covered_display": "0", "missing_lines": 1, "excluded_lines": 0, "percent_statements_covered": 0.0, "percent_statements_covered_display": "0"}, "missing_lines": [82], "excluded_lines": [], "start_line": 79}, "invalidate_all_cache": {"executed_lines": [98, 100, 101, 102, 108, 110, 113, 115, 117, 123, 124, 125], "summary": {"covered_lines": 12, "num_statements": 12, "percent_covered": 100.0, "percent_covered_display": "100", "missing_lines": 0, "excluded_lines": 0, "percent_statements_covered": 100.0, "percent_statements_covered_display": "100"}, "missing_lines": [], "excluded_lines": [], "start_line": 85}, "": {"executed_lines": [8, 9, 10, 11, 13, 21, 24, 27, 65, 79, 85], "summary": {"covered_lines": 11, "num_statements": 11, "percent_covered": 100.0, "percent_covered_display": "100", "missing_lines": 0, "excluded_lines": 0, "percent_statements_covered": 100.0, "percent_statements_covered_display": "100"}, "missing_lines": [], "excluded_lines": [], "start_line": 1}}, "classes": {"": {"executed_lines": [8, 9, 10, 11, 13, 21, 24, 27, 65, 79, 85, 98, 100, 101, 102, 108, 110, 113, 115, 117, 123, 124, 125], "summary": {"covered_lines": 23, "num_statements": 45, "percent_covered": 51.111111111111114, "percent_covered_display": "51", "missing_lines": 22, "excluded_lines": 0, "percent_statements_covered": 51.111111111111114, "percent_statements_covered_display": "51"}, "missing_lines": [36, 37, 38, 40, 41, 43, 44, 55, 56, 57, 59, 60, 61, 62, 69, 70, 71, 72, 73, 74, 76, 82], "excluded_lines": [], "start_line": 1}}}, "app/crypto_utils.py": {"executed_lines": [9, 10, 11, 12, 13, 15, 18, 27, 28, 29, 33, 34, 35, 36, 39, 56, 57, 59, 60, 61, 64, 81, 82, 84, 86, 87, 88, 89, 90, 91, 97, 104, 105, 106, 107, 108], "summary": {"covered_lines": 36, "num_statements": 39, "percent_covered": 92.3076923076923, "percent_covered_display": "92", "missing_lines": 3, "excluded_lines": 0, "percent_statements_covered": 92.3076923076923, "percent_statements_covered_display": "92"}, "missing_lines": [92, 93, 94], "excluded_lines": [], "functions": {"_get_cipher": {"executed_lines": [27, 28, 29, 33, 34, 35, 36], "summary": {"covered_lines": 7, "num_statements": 7, "percent_covered": 100.0, "percent_covered_display": "100", "missing_lines": 0, "excluded_lines": 0, "percent_statements_covered": 100.0, "percent_statements_covered_display": "100"}, "missing_lines": [], "excluded_lines": [], "start_line": 18}, "encrypt_value": {"executed_lines": [56, 57, 59, 60, 61], "summary": {"covered_lines": 5, "num_statements": 5, "percent_covered": 100.0, "percent_covered_display": "100", "missing_lines": 0, "excluded_lines": 0, "percent_statements_covered": 100.0, "percent_statements_covered_display": "100"}, "missing_lines": [], "excluded_lines": [], "start_line": 39}, "decrypt_value": {"executed_lines": [81, 82, 84, 86, 87, 88, 89, 90, 91], "summary": {"covered_lines": 9, "num_statements": 12, "percent_covered": 75.0, "percent_covered_display": "75", "missing_lines": 3, "excluded_lines": 0, "percent_statements_covered": 75.0, "percent_statements_covered_display": "75"}, "missing_lines": [92, 93, 94], "excluded_lines": [], "start_line": 64}, "is_encryption_configured": {"executed_lines": [104, 105, 106, 107, 108], "summary": {"covered_lines": 5, "num_statements": 5, "percent_covered": 100.0, "percent_covered_display": "100", "missing_lines": 0, "excluded_lines": 0, "percent_statements_covered": 100.0, "percent_statements_covered_display": "100"}, "missing_lines": [], "excluded_lines": [], "start_line": 97}, "": {"executed_lines": [9, 10, 11, 12, 13, 15, 18, 39, 64, 97], "summary": {"covered_lines": 10, "num_statements": 10, "percent_covered": 100.0, "percent_covered_display": "100", "missing_lines": 0, "excluded_lines": 0, "percent_statements_covered": 100.0, "percent_statements_covered_display": "100"}, "missing_lines": [], "excluded_lines": [], "start_line": 1}}, "classes": {"": {"executed_lines": [9, 10, 11, 12, 13, 15, 18, 27, 28, 29, 33, 34, 35, 36, 39, 56, 57, 59, 60, 61, 64, 81, 82, 84, 86, 87, 88, 89, 90, 91, 97, 104, 105, 106, 107, 108], "summary": {"covered_lines": 36, "num_statements": 39, "percent_covered": 92.3076923076923, "percent_covered_display": "92", "missing_lines": 3, "excluded_lines": 0, "percent_statements_covered": 92.3076923076923, "percent_statements_covered_display": "92"}, "missing_lines": [92, 93, 94], "excluded_lines": [], "start_line": 1}}}, "app/database.py": {"executed_lines": [], "summary": {"covered_lines": 0, "num_statements": 3, "percent_covered": 0.0, "percent_covered_display": "0", "missing_lines": 3, "excluded_lines": 0, "percent_statements_covered": 0.0, "percent_statements_covered_display": "0"}, "missing_lines": [17, 24, 27], "excluded_lines": [], "functions": {"": {"executed_lines": [], "summary": {"covered_lines": 0, "num_statements": 3, "percent_covered": 0.0, "percent_covered_display": "0", "missing_lines": 3, "excluded_lines": 0, "percent_statements_covered": 0.0, "percent_statements_covered_display": "0"}, "missing_lines": [17, 24, 27], "excluded_lines": [], "start_line": 1}}, "classes": {"": {"executed_lines": [], "summary": {"covered_lines": 0, "num_statements": 3, "percent_covered": 0.0, "percent_covered_display": "0", "missing_lines": 3, "excluded_lines": 0, "percent_statements_covered": 0.0, "percent_statements_covered_display": "0"}, "missing_lines": [17, 24, 27], "excluded_lines": [], "start_line": 1}}}, "app/database/__init__.py": {"executed_lines": [15, 16, 17, 20, 22], "summary": {"covered_lines": 5, "num_statements": 5, "percent_covered": 100.0, "percent_covered_display": "100", "missing_lines": 0, "excluded_lines": 0, "percent_statements_covered": 100.0, "percent_statements_covered_display": "100"}, "missing_lines": [], "excluded_lines": [], "functions": {"": {"executed_lines": [15, 16, 17, 20, 22], "summary": {"covered_lines": 5, "num_statements": 5, "percent_covered": 100.0, "percent_covered_display": "100", "missing_lines": 0, "excluded_lines": 0, "percent_statements_covered": 100.0, "percent_statements_covered_display": "100"}, "missing_lines": [], "excluded_lines": [], "start_line": 1}}, "classes": {"": {"executed_lines": [15, 16, 17, 20, 22], "summary": {"covered_lines": 5, "num_statements": 5, "percent_covered": 100.0, "percent_covered_display": "100", "missing_lines": 0, "excluded_lines": 0, "percent_statements_covered": 100.0, "percent_statements_covered_display": "100"}, "missing_lines": [], "excluded_lines": [], "start_line": 1}}}, "app/database/config_ops.py": {"executed_lines": [7, 8, 9, 10, 12, 15, 22, 32, 34, 35, 37, 38, 39, 40, 41, 42, 44, 55, 56, 57, 59, 60, 61, 62, 63], "summary": {"covered_lines": 25, "num_statements": 28, "percent_covered": 89.28571428571429, "percent_covered_display": "89", "missing_lines": 3, "excluded_lines": 0, "percent_statements_covered": 89.28571428571429, "percent_statements_covered_display": "89"}, "missing_lines": [64, 65, 66], "excluded_lines": [], "functions": {"ConfigOperations.get_config": {"executed_lines": [32, 34, 35, 37, 38, 39, 40, 41, 42], "summary": {"covered_lines": 9, "num_statements": 9, "percent_covered": 100.0, "percent_covered_display": "100", "missing_lines": 0, "excluded_lines": 0, "percent_statements_covered": 100.0, "percent_statements_covered_display": "100"}, "missing_lines": [], "excluded_lines": [], "start_line": 22}, "ConfigOperations.set_config": {"executed_lines": [55, 56, 57, 59, 60, 61, 62, 63], "summary": {"covered_lines": 8, "num_statements": 11, "percent_covered": 72.72727272727273, "percent_covered_display": "73", "missing_lines": 3, "excluded_lines": 0, "percent_statements_covered": 72.72727272727273, "percent_statements_covered_display": "73"}, "missing_lines": [64, 65, 66], "excluded_lines": [], "start_line": 44}, "": {"executed_lines": [7, 8, 9, 10, 12, 15, 22, 44], "summary": {"covered_lines": 8, "num_statements": 8, "percent_covered": 100.0, "percent_covered_display": "100", "missing_lines": 0, "excluded_lines": 0, "percent_statements_covered": 100.0, "percent_statements_covered_display": "100"}, "missing_lines": [], "excluded_lines": [], "start_line": 1}}, "classes": {"ConfigOperations": {"executed_lines": [32, 34, 35, 37, 38, 39, 40, 41, 42, 55, 56, 57, 59, 60, 61, 62, 63], "summary": {"covered_lines": 17, "num_statements": 20, "percent_covered": 85.0, "percent_covered_display": "85", "missing_lines": 3, "excluded_lines": 0, "percent_statements_covered": 85.0, "percent_statements_covered_display": "85"}, "missing_lines": [64, 65, 66], "excluded_lines": [], "start_line": 15}, "": {"executed_lines": [7, 8, 9, 10, 12, 15, 22, 44], "summary": {"covered_lines": 8, "num_statements": 8, "percent_covered": 100.0, "percent_covered_display": "100", "missing_lines": 0, "excluded_lines": 0, "percent_statements_covered": 100.0, "percent_statements_covered_display": "100"}, "missing_lines": [], "excluded_lines": [], "start_line": 1}}}, "app/database/connection.py": {"executed_lines": [12, 13, 14, 15, 16, 18, 19, 20, 22, 25, 33, 45, 47, 48, 50, 51, 52, 55, 57, 59, 60, 61, 64, 66, 68, 90, 91, 93, 95, 96, 97, 99, 100, 102, 103, 104, 106, 108, 119, 120, 122, 124, 145, 147, 150, 151, 155, 156, 157, 158, 161, 162, 170, 172, 176, 177, 178, 181, 193, 194, 195, 198, 200], "summary": {"covered_lines": 63, "num_statements": 66, "percent_covered": 95.45454545454545, "percent_covered_display": "95", "missing_lines": 3, "excluded_lines": 0, "percent_statements_covered": 95.45454545454545, "percent_statements_covered_display": "95"}, "missing_lines": [173, 196, 199], "excluded_lines": [], "functions": {"JSONDatabase.__init__": {"executed_lines": [45, 47, 48, 50, 51, 52, 55, 57, 59, 60, 61, 64], "summary": {"covered_lines": 12, "num_statements": 12, "percent_covered": 100.0, "percent_covered_display": "100", "missing_lines": 0, "excluded_lines": 0, "percent_statements_covered": 100.0, "percent_statements_covered_display": "100"}, "missing_lines": [], "excluded_lines": [], "start_line": 33}, "JSONDatabase._ensure_directories": {"executed_lines": [68, 90, 91], "summary": {"covered_lines": 3, "num_statements": 3, "percent_covered": 100.0, "percent_covered_display": "100", "missing_lines": 0, "excluded_lines": 0, "percent_statements_covered": 100.0, "percent_statements_covered_display": "100"}, "missing_lines": [], "excluded_lines": [], "start_line": 66}, "JSONDatabase.cleanup_test_data": {"executed_lines": [95, 96, 97, 99, 100, 102, 103, 104, 106], "summary": {"covered_lines": 9, "num_statements": 9, "percent_covered": 100.0, "percent_covered_display": "100", "missing_lines": 0, "excluded_lines": 0, "percent_statements_covered": 100.0, "percent_statements_covered_display": "100"}, "missing_lines": [], "excluded_lines": [], "start_line": 93}, "JSONDatabase._get_collection_path": {"executed_lines": [119, 120, 122], "summary": {"covered_lines": 3, "num_statements": 3, "percent_covered": 100.0, "percent_covered_display": "100", "missing_lines": 0, "excluded_lines": 0, "percent_statements_covered": 100.0, "percent_statements_covered_display": "100"}, "missing_lines": [], "excluded_lines": [], "start_line": 108}, "JSONDatabase._get_document_path": {"executed_lines": [145, 147, 150, 151, 155, 156, 157, 158, 161, 162], "summary": {"covered_lines": 10, "num_statements": 10, "percent_covered": 100.0, "percent_covered_display": "100", "missing_lines": 0, "excluded_lines": 0, "percent_statements_covered": 100.0, "percent_statements_covered_display": "100"}, "missing_lines": [], "excluded_lines": [], "start_line": 124}, "get_db_instance": {"executed_lines": [193, 194, 195, 198, 200], "summary": {"covered_lines": 5, "num_statements": 7, "percent_covered": 71.42857142857143, "percent_covered_display": "71", "missing_lines": 2, "excluded_lines": 0, "percent_statements_covered": 71.42857142857143, "percent_statements_covered_display": "71"}, "missing_lines": [196, 199], "excluded_lines": [], "start_line": 181}, "": {"executed_lines": [12, 13, 14, 15, 16, 18, 19, 20, 22, 25, 33, 66, 93, 108, 124, 170, 172, 176, 177, 178, 181], "summary": {"covered_lines": 21, "num_statements": 22, "percent_covered": 95.45454545454545, "percent_covered_display": "95", "missing_lines": 1, "excluded_lines": 0, "percent_statements_covered": 95.45454545454545, "percent_statements_covered_display": "95"}, "missing_lines": [173], "excluded_lines": [], "start_line": 1}}, "classes": {"JSONDatabase": {"executed_lines": [45, 47, 48, 50, 51, 52, 55, 57, 59, 60, 61, 64, 68, 90, 91, 95, 96, 97, 99, 100, 102, 103, 104, 106, 119, 120, 122, 145, 147, 150, 151, 155, 156, 157, 158, 161, 162], "summary": {"covered_lines": 37, "num_statements": 37, "percent_covered": 100.0, "percent_covered_display": "100", "missing_lines": 0, "excluded_lines": 0, "percent_statements_covered": 100.0, "percent_statements_covered_display": "100"}, "missing_lines": [], "excluded_lines": [], "start_line": 25}, "": {"executed_lines": [12, 13, 14, 15, 16, 18, 19, 20, 22, 25, 33, 66, 93, 108, 124, 170, 172, 176, 177, 178, 181, 193, 194, 195, 198, 200], "summary": {"covered_lines": 26, "num_statements": 29, "percent_covered": 89.65517241379311, "percent_covered_display": "90", "missing_lines": 3, "excluded_lines": 0, "percent_statements_covered": 89.65517241379311, "percent_statements_covered_display": "90"}, "missing_lines": [173, 196, 199], "excluded_lines": [], "start_line": 1}}}, "app/database/database_router.py": {"executed_lines": [], "summary": {"covered_lines": 0, "num_statements": 0, "percent_covered": 100.0, "percent_covered_display": "100", "missing_lines": 0, "excluded_lines": 0, "percent_statements_covered": 100.0, "percent_statements_covered_display": "100"}, "missing_lines": [], "excluded_lines": [], "functions": {"": {"executed_lines": [], "summary": {"covered_lines": 0, "num_statements": 0, "percent_covered": 100.0, "percent_covered_display": "100", "missing_lines": 0, "excluded_lines": 0, "percent_statements_covered": 100.0, "percent_statements_covered_display": "100"}, "missing_lines": [], "excluded_lines": [], "start_line": 1}}, "classes": {"": {"executed_lines": [], "summary": {"covered_lines": 0, "num_statements": 0, "percent_covered": 100.0, "percent_covered_display": "100", "missing_lines": 0, "excluded_lines": 0, "percent_statements_covered": 100.0, "percent_statements_covered_display": "100"}, "missing_lines": [], "excluded_lines": [], "start_line": 1}}}, "app/database/encryption.py": {"executed_lines": [8, 9, 11, 13, 16, 28, 30, 31, 33, 35, 36, 37, 39, 41, 42, 43, 44, 45, 50, 53, 66, 67, 70, 71, 72, 75, 76, 77, 78, 79, 80, 86, 88], "summary": {"covered_lines": 33, "num_statements": 36, "percent_covered": 91.66666666666667, "percent_covered_display": "92", "missing_lines": 3, "excluded_lines": 0, "percent_statements_covered": 91.66666666666667, "percent_statements_covered_display": "92"}, "missing_lines": [46, 47, 48], "excluded_lines": [], "functions": {"encrypt_sensitive_fields": {"executed_lines": [28, 30, 31, 33, 35, 36, 37, 39, 41, 42, 43, 44, 45, 50], "summary": {"covered_lines": 14, "num_statements": 17, "percent_covered": 82.3529411764706, "percent_covered_display": "82", "missing_lines": 3, "excluded_lines": 0, "percent_statements_covered": 82.3529411764706, "percent_statements_covered_display": "82"}, "missing_lines": [46, 47, 48], "excluded_lines": [], "start_line": 16}, "decrypt_sensitive_fields": {"executed_lines": [66, 67, 70, 71, 72, 75, 76, 77, 78, 79, 80, 86, 88], "summary": {"covered_lines": 13, "num_statements": 13, "percent_covered": 100.0, "percent_covered_display": "100", "missing_lines": 0, "excluded_lines": 0, "percent_statements_covered": 100.0, "percent_statements_covered_display": "100"}, "missing_lines": [], "excluded_lines": [], "start_line": 53}, "": {"executed_lines": [8, 9, 11, 13, 16, 53], "summary": {"covered_lines": 6, "num_statements": 6, "percent_covered": 100.0, "percent_covered_display": "100", "missing_lines": 0, "excluded_lines": 0, "percent_statements_covered": 100.0, "percent_statements_covered_display": "100"}, "missing_lines": [], "excluded_lines": [], "start_line": 1}}, "classes": {"": {"executed_lines": [8, 9, 11, 13, 16, 28, 30, 31, 33, 35, 36, 37, 39, 41, 42, 43, 44, 45, 50, 53, 66, 67, 70, 71, 72, 75, 76, 77, 78, 79, 80, 86, 88], "summary": {"covered_lines": 33, "num_statements": 36, "percent_covered": 91.66666666666667, "percent_covered_display": "92", "missing_lines": 3, "excluded_lines": 0, "percent_statements_covered": 91.66666666666667, "percent_statements_covered_display": "92"}, "missing_lines": [46, 47, 48], "excluded_lines": [], "start_line": 1}}}, "app/database/hybrid/__init__.py": {"executed_lines": [14, 15, 16, 17, 18, 20], "summary": {"covered_lines": 6, "num_statements": 6, "percent_covered": 100.0, "percent_covered_display": "100", "missing_lines": 0, "excluded_lines": 0, "percent_statements_covered": 100.0, "percent_statements_covered_display": "100"}, "missing_lines": [], "excluded_lines": [], "functions": {"": {"executed_lines": [14, 15, 16, 17, 18, 20], "summary": {"covered_lines": 6, "num_statements": 6, "percent_covered": 100.0, "percent_covered_display": "100", "missing_lines": 0, "excluded_lines": 0, "percent_statements_covered": 100.0, "percent_statements_covered_display": "100"}, "missing_lines": [], "excluded_lines": [], "start_line": 1}}, "classes": {"": {"executed_lines": [14, 15, 16, 17, 18, 20], "summary": {"covered_lines": 6, "num_statements": 6, "percent_covered": 100.0, "percent_covered_display": "100", "missing_lines": 0, "excluded_lines": 0, "percent_statements_covered": 100.0, "percent_statements_covered_display": "100"}, "missing_lines": [], "excluded_lines": [], "start_line": 1}}}, "app/database/hybrid/cache_sync.py": {"executed_lines": [8, 9, 10, 12, 14, 17, 27, 29, 31, 38, 39, 40, 42, 58, 59, 60, 61, 64, 67, 70, 71, 72, 75, 76, 77, 80, 81, 82, 83, 89, 90, 91, 92, 93, 94, 95, 96, 97, 98, 102, 114, 119, 139, 140, 141, 144, 146, 147, 153, 155, 156, 157, 158, 162, 184, 205, 216, 217, 221, 224, 232, 233, 234], "summary": {"covered_lines": 63, "num_statements": 73, "percent_covered": 86
[...]
{"executed_lines": [7, 8, 9, 10, 11, 12, 14, 15, 16, 17, 19, 22, 141], "summary": {"covered_lines": 13, "num_statements": 14, "percent_covered": 92.85714285714286, "percent_covered_display": "93", "missing_lines": 1, "excluded_lines": 0, "percent_statements_covered": 92.85714285714286, "percent_statements_covered_display": "93"}, "missing_lines": [142], "excluded_lines": [], "start_line": 1}}, "classes": {"": {"executed_lines": [7, 8, 9, 10, 11, 12, 14, 15, 16, 17, 19, 22, 141], "summary": {"covered_lines": 13, "num_statements": 58, "percent_covered": 22.413793103448278, "percent_covered_display": "22", "missing_lines": 45, "excluded_lines": 0, "percent_statements_covered": 22.413793103448278, "percent_statements_covered_display": "22"}, "missing_lines": [24, 28, 35, 42, 49, 56, 63, 70, 73, 74, 77, 79, 80, 81, 82, 83, 84, 85, 86, 87, 88, 90, 92, 95, 98, 108, 112, 113, 114, 115, 116, 117, 118, 119, 120, 125, 129, 131, 133, 134, 135, 136, 137, 138, 142], "excluded_lines": [], "start_line": 1}}}, "app/workflows/preprocess_and_chunk/loader.py": {"executed_lines": [8, 9, 10, 12, 15, 17, 20, 35, 36, 38, 41, 42, 43, 44, 45, 46, 47, 48, 49, 50, 51, 52, 53, 54, 55, 57, 60, 61, 62, 63, 64, 65, 66, 67, 68], "summary": {"covered_lines": 35, "num_statements": 35, "percent_covered": 100.0, "percent_covered_display": "100", "missing_lines": 0, "excluded_lines": 0, "percent_statements_covered": 100.0, "percent_statements_covered_display": "100"}, "missing_lines": [], "excluded_lines": [], "functions": {"generate_document_id": {"executed_lines": [17], "summary": {"covered_lines": 1, "num_statements": 1, "percent_covered": 100.0, "percent_covered_display": "100", "missing_lines": 0, "excluded_lines": 0, "percent_statements_covered": 100.0, "percent_statements_covered_display": "100"}, "missing_lines": [], "excluded_lines": [], "start_line": 15}, "load_file_content": {"executed_lines": [35, 36, 38, 41, 42, 43, 44, 45, 46, 47, 48, 49, 50, 51, 52, 53, 54, 55, 57, 60, 61, 62, 63, 64, 65, 66, 67, 68], "summary": {"covered_lines": 28, "num_statements": 28, "percent_covered": 100.0, "percent_covered_display": "100", "missing_lines": 0, "excluded_lines": 0, "percent_statements_covered": 100.0, "percent_statements_covered_display": "100"}, "missing_lines": [], "excluded_lines": [], "start_line": 20}, "": {"executed_lines": [8, 9, 10, 12, 15, 20], "summary": {"covered_lines": 6, "num_statements": 6, "percent_covered": 100.0, "percent_covered_display": "100", "missing_lines": 0, "excluded_lines": 0, "percent_statements_covered": 100.0, "percent_statements_covered_display": "100"}, "missing_lines": [], "excluded_lines": [], "start_line": 1}}, "classes": {"": {"executed_lines": [8, 9, 10, 12, 15, 17, 20, 35, 36, 38, 41, 42, 43, 44, 45, 46, 47, 48, 49, 50, 51, 52, 53, 54, 55, 57, 60, 61, 62, 63, 64, 65, 66, 67, 68], "summary": {"covered_lines": 35, "num_statements": 35, "percent_covered": 100.0, "percent_covered_display": "100", "missing_lines": 0, "excluded_lines": 0, "percent_statements_covered": 100.0, "percent_statements_covered_display": "100"}, "missing_lines": [], "excluded_lines": [], "start_line": 1}}}, "app/workflows/preprocess_and_chunk/output_handler.py": {"executed_lines": [7, 8, 9, 10, 12, 15, 33, 35, 36, 38, 39, 40, 41, 42, 44, 45, 46, 47, 48, 50, 53, 69, 70, 72, 73, 75, 76], "summary": {"covered_lines": 27, "num_statements": 27, "percent_covered": 100.0, "percent_covered_display": "100", "missing_lines": 0, "excluded_lines": 0, "percent_statements_covered": 100.0, "percent_statements_covered_display": "100"}, "missing_lines": [], "excluded_lines": [], "functions": {"save_chunks_to_separate_json_files": {"executed_lines": [33, 35, 36, 38, 39, 40, 41, 42, 44, 45, 46, 47, 48, 50], "summary": {"covered_lines": 14, "num_statements": 14, "percent_covered": 100.0, "percent_covered_display": "100", "missing_lines": 0, "excluded_lines": 0, "percent_statements_covered": 100.0, "percent_statements_covered_display": "100"}, "missing_lines": [], "excluded_lines": [], "start_line": 15}, "save_chunks_to_json": {"executed_lines": [69, 70, 72, 73, 75, 76], "summary": {"covered_lines": 6, "num_statements": 6, "percent_covered": 100.0, "percent_covered_display": "100", "missing_lines": 0, "excluded_lines": 0, "percent_statements_covered": 100.0, "percent_statements_covered_display": "100"}, "missing_lines": [], "excluded_lines": [], "start_line": 53}, "": {"executed_lines": [7, 8, 9, 10, 12, 15, 53], "summary": {"covered_lines": 7, "num_statements": 7, "percent_covered": 100.0, "percent_covered_display": "100", "missing_lines": 0, "excluded_lines": 0, "percent_statements_covered": 100.0, "percent_statements_covered_display": "100"}, "missing_lines": [], "excluded_lines": [], "start_line": 1}}, "classes": {"": {"executed_lines": [7, 8, 9, 10, 12, 15, 33, 35, 36, 38, 39, 40, 41, 42, 44, 45, 46, 47, 48, 50, 53, 69, 70, 72, 73, 75, 76], "summary": {"covered_lines": 27, "num_statements": 27, "percent_covered": 100.0, "percent_covered_display": "100", "missing_lines": 0, "excluded_lines": 0, "percent_statements_covered": 100.0, "percent_statements_covered_display": "100"}, "missing_lines": [], "excluded_lines": [], "start_line": 1}}}, "app/workflows/preprocess_and_chunk/pipeline.py": {"executed_lines": [8, 9, 10, 12, 13, 14, 15, 17, 20, 21, 23, 24, 25, 26, 31], "summary": {"covered_lines": 15, "num_statements": 68, "percent_covered": 22.058823529411764, "percent_covered_display": "22", "missing_lines": 53, "excluded_lines": 0, "percent_statements_covered": 22.058823529411764, "percent_statements_covered_display": "22"}, "missing_lines": [22, 27, 28, 51, 52, 53, 55, 56, 57, 59, 61, 62, 63, 64, 65, 66, 73, 74, 75, 77, 78, 79, 82, 83, 85, 86, 87, 88, 89, 90, 91, 94, 97, 100, 110, 115, 121, 122, 123, 124, 126, 129, 156, 157, 158, 160, 162, 163, 164, 165, 166, 167, 168], "excluded_lines": [], "functions": {"execute": {"executed_lines": [], "summary": {"covered_lines": 0, "num_statements": 50, "percent_covered": 0.0, "percent_covered_display": "0", "missing_lines": 50, "excluded_lines": 0, "percent_statements_covered": 0.0, "percent_statements_covered_display": "0"}, "missing_lines": [51, 52, 53, 55, 56, 57, 59, 61, 62, 63, 64, 65, 66, 73, 74, 75, 77, 78, 79, 82, 83, 85, 86, 87, 88, 89, 90, 91, 94, 97, 100, 110, 115, 121, 122, 123, 124, 126, 129, 156, 157, 158, 160, 162, 163, 164, 165, 166, 167, 168], "excluded_lines": [], "start_line": 31}, "": {"executed_lines": [8, 9, 10, 12, 13, 14, 15, 17, 20, 21, 23, 24, 25, 26, 31], "summary": {"covered_lines": 15, "num_statements": 18, "percent_covered": 83.33333333333333, "percent_covered_display": "83", "missing_lines": 3, "excluded_lines": 0, "percent_statements_covered": 83.33333333333333, "percent_statements_covered_display": "83"}, "missing_lines": [22, 27, 28], "excluded_lines": [], "start_line": 1}}, "classes": {"": {"executed_lines": [8, 9, 10, 12, 13, 14, 15, 17, 20, 21, 23, 24, 25, 26, 31], "summary": {"covered_lines": 15, "num_statements": 68, "percent_covered": 22.058823529411764, "percent_covered_display": "22", "missing_lines": 53, "excluded_lines": 0, "percent_statements_covered": 22.058823529411764, "percent_statements_covered_display": "22"}, "missing_lines": [22, 27, 28, 51, 52, 53, 55, 56, 57, 59, 61, 62, 63, 64, 65, 66, 73, 74, 75, 77, 78, 79, 82, 83, 85, 86, 87, 88, 89, 90, 91, 94, 97, 100, 110, 115, 121, 122, 123, 124, 126, 129, 156, 157, 158, 160, 162, 163, 164, 165, 166, 167, 168], "excluded_lines": [], "start_line": 1}}}, "app/workflows/preprocess_and_chunk/preprocessor.py": {"executed_lines": [8, 10, 13, 24, 27, 28, 29, 31, 32, 33, 34, 35, 37, 38, 40, 43, 44, 46, 47], "summary": {"covered_lines": 19, "num_statements": 19, "percent_covered": 100.0, "percent_covered_display": "100", "missing_lines": 0, "excluded_lines": 0, "percent_statements_covered": 100.0, "percent_statements_covered_display": "100"}, "missing_lines": [], "excluded_lines": [], "functions": {"preprocess_text": {"executed_lines": [24, 27, 28, 29, 31, 32, 33, 34, 35, 37, 38, 40, 43, 44, 46, 47], "summary": {"covered_lines": 16, "num_statements": 16, "percent_covered": 100.0, "percent_covered_display": "100", "missing_lines": 0, "excluded_lines": 0, "percent_statements_covered": 100.0, "percent_statements_covered_display": "100"}, "missing_lines": [], "excluded_lines": [], "start_line": 13}, "": {"executed_lines": [8, 10, 13], "summary": {"covered_lines": 3, "num_statements": 3, "percent_covered": 100.0, "percent_covered_display": "100", "missing_lines": 0, "excluded_lines": 0, "percent_statements_covered": 100.0, "percent_statements_covered_display": "100"}, "missing_lines": [], "excluded_lines": [], "start_line": 1}}, "classes": {"": {"executed_lines": [8, 10, 13, 24, 27, 28, 29, 31, 32, 33, 34, 35, 37, 38, 40, 43, 44, 46, 47], "summary": {"covered_lines": 19, "num_statements": 19, "percent_covered": 100.0, "percent_covered_display": "100", "missing_lines": 0, "excluded_lines": 0, "percent_statements_covered": 100.0, "percent_statements_covered_display": "100"}, "missing_lines": [], "excluded_lines": [], "start_line": 1}}}, "app/workflows/vue_chunking_strategies.py": {"executed_lines": [], "summary": {"covered_lines": 0, "num_statements": 9, "percent_covered": 0.0, "percent_covered_display": "0", "missing_lines": 9, "excluded_lines": 0, "percent_statements_covered": 0.0, "percent_statements_covered_display": "0"}, "missing_lines": [12, 24, 25, 26, 27, 28, 29, 30, 32], "excluded_lines": [], "functions": {"": {"executed_lines": [], "summary": {"covered_lines": 0, "num_statements": 9, "percent_covered": 0.0, "percent_covered_display": "0", "missing_lines": 9, "excluded_lines": 0, "percent_statements_covered": 0.0, "percent_statements_covered_display": "0"}, "missing_lines": [12, 24, 25, 26, 27, 28, 29, 30, 32], "excluded_lines": [], "start_line": 1}}, "classes": {"": {"executed_lines": [], "summary": {"covered_lines": 0, "num_statements": 9, "percent_covered": 0.0, "percent_covered_display": "0", "missing_lines": 9, "excluded_lines": 0, "percent_statements_covered": 0.0, "percent_statements_covered_display": "0"}, "missing_lines": [12, 24, 25, 26, 27, 28, 29, 30, 32], "excluded_lines": [], "start_line": 1}}}, "app/workflows/vue_chunking_strategies/__init__.py": {"executed_lines": [13, 14, 15, 23], "summary": {"covered_lines": 4, "num_statements": 4, "percent_covered": 100.0, "percent_covered_display": "100", "missing_lines": 0, "excluded_lines": 0, "percent_statements_covered": 100.0, "percent_statements_covered_display": "100"}, "missing_lines": [], "excluded_lines": [], "functions": {"": {"executed_lines": [13, 14, 15, 23], "summary": {"covered_lines": 4, "num_statements": 4, "percent_covered": 100.0, "percent_covered_display": "100", "missing_lines": 0, "excluded_lines": 0, "percent_statements_covered": 100.0, "percent_statements_covered_display": "100"}, "missing_lines": [], "excluded_lines": [], "start_line": 1}}, "classes": {"": {"executed_lines": [13, 14, 15, 23], "summary": {"covered_lines": 4, "num_statements": 4, "percent_covered": 100.0, "percent_covered_display": "100", "missing_lines": 0, "excluded_lines": 0, "percent_statements_covered": 100.0, "percent_statements_covered_display": "100"}, "missing_lines": [], "excluded_lines": [], "start_line": 1}}}, "app/workflows/vue_chunking_strategies/vue_chunking_orchestrator.py": {"executed_lines": [9, 10, 11, 13, 14, 16, 19, 46, 48, 49, 51, 52, 53, 54, 56, 58, 73, 74], "summary": {"covered_lines": 18, "num_statements": 18, "percent_covered": 100.0, "percent_covered_display": "100", "missing_lines": 0, "excluded_lines": 0, "percent_statements_covered": 100.0, "percent_statements_covered_display": "100"}, "missing_lines": [], "excluded_lines": [], "functions": {"chunk_vue_code": {"executed_lines": [46, 48, 49, 51, 52, 53, 54, 56, 58, 73, 74], "summary": {"covered_lines": 11, "num_statements": 11, "percent_covered": 100.0, "percent_covered_display": "100", "missing_lines": 0, "excluded_lines": 0, "percent_statements_covered": 100.0, "percent_statements_covered_display": "100"}, "missing_lines": [], "excluded_lines": [], "start_line": 19}, "": {"executed_lines": [9, 10, 11, 13, 14, 16, 19], "summary": {"covered_lines": 7, "num_statements": 7, "percent_covered": 100.0, "percent_covered_display": "100", "missing_lines": 0, "excluded_lines": 0, "percent_statements_covered": 100.0, "percent_statements_covered_display": "100"}, "missing_lines": [], "excluded_lines": [], "start_line": 1}}, "classes": {"": {"executed_lines": [9, 10, 11, 13, 14, 16, 19, 46, 48, 49, 51, 52, 53, 54, 56, 58, 73, 74], "summary": {"covered_lines": 18, "num_statements": 18, "percent_covered": 100.0, "percent_covered_display": "100", "missing_lines": 0, "excluded_lines": 0, "percent_statements_covered": 100.0, "percent_statements_covered_display": "100"}, "missing_lines": [], "excluded_lines": [], "start_line": 1}}}, "app/workflows/vue_chunking_strategies/vue_javascript_chunker.py": {"executed_lines": [9, 10, 11, 12, 14, 17, 41, 42, 45, 48, 53, 54, 69, 72, 82, 84, 85, 86, 87, 88, 89, 91, 94, 117, 118, 121, 122, 130, 133, 136, 139, 145, 147, 148, 149, 150, 153, 155, 157, 160, 161, 163, 181, 182, 183, 198, 201, 202, 203, 206, 207, 208, 209, 210, 212, 213, 214, 228, 231, 243, 244, 245, 248, 249, 250, 251, 252, 254, 255, 258, 259, 260, 261, 262, 263, 266, 267, 268, 269, 270, 271, 272, 275, 276, 277, 278, 279, 280, 282, 284, 287, 290, 303, 305, 306, 309, 311, 312, 313, 315], "summary": {"covered_lines": 100, "num_statements": 100, "percent_covered": 100.0, "percent_covered_display": "100", "missing_lines": 0, "excluded_lines": 0, "percent_statements_covered": 100.0, "percent_statements_covered_display": "100"}, "missing_lines": [], "excluded_lines": [], "functions": {"chunk_javascript_file": {"executed_lines": [41, 42, 45, 48, 53, 54, 69], "summary": {"covered_lines": 7, "num_statements": 7, "percent_covered": 100.0, "percent_covered_display": "100", "missing_lines": 0, "excluded_lines": 0, "percent_statements_covered": 100.0, "percent_statements_covered_display": "100"}, "missing_lines": [], "excluded_lines": [], "start_line": 17}, "infer_js_chunk_type": {"executed_lines": [82, 84, 85, 86, 87, 88, 89, 91], "summary": {"covered_lines": 8, "num_statements": 8, "percent_covered": 100.0, "percent_covered_display": "100", "missing_lines": 0, "excluded_lines": 0, "percent_statements_covered": 100.0, "percent_statements_covered_display": "100"}, "missing_lines": [], "excluded_lines": [], "start_line": 72}, "extract_code_and_comments": {"executed_lines": [117, 118, 121, 122, 130, 133, 136, 139, 145, 147, 148, 149, 150, 153, 155, 157, 160, 161, 163, 181, 182, 183, 198, 201, 202, 203, 206, 207, 208, 209, 210, 212, 213, 214, 228], "summary": {"covered_lines": 35, "num_statements": 35, "percent_covered": 100.0, "percent_covered_display": "100", "missing_lines": 0, "excluded_lines": 0, "percent_statements_covered": 100.0, "percent_statements_covered_display": "100"}, "missing_lines": [], "excluded_lines": [], "start_line": 94}, "extract_function_body": {"executed_lines": [243, 244, 245, 248, 249, 250, 251, 252, 254, 255, 258, 259, 260, 261, 262, 263, 266, 267, 268, 269, 270, 271, 272, 275, 276, 277, 278, 279, 280, 282, 284, 287], "summary": {"covered_lines": 32, "num_statements": 32, "percent_covered": 100.0, "percent_covered_display": "100", "missing_lines": 0, "excluded_lines": 0, "percent_statements_covered": 100.0, "percent_statements_covered_display": "100"}, "missing_lines": [], "excluded_lines": [], "start_line": 231}, "find_preceding_jsdoc": {"executed_lines": [303, 305, 306, 309, 311, 312, 313, 315], "summary": {"covered_lines": 8, "num_statements": 8, "percent_covered": 100.0, "percent_covered_display": "100", "missing_lines": 0, "excluded_lines": 0, "percent_statements_covered": 100.0, "percent_statements_covered_display": "100"}, "missing_lines": [], "excluded_lines": [], "start_line": 290}, "": {"executed_lines": [9, 10, 11, 12, 14, 17, 72, 94, 231, 290], "summary": {"covered_lines": 10, "num_statements": 10, "percent_covered": 100.0, "percent_covered_display": "100", "missing_lines": 0, "excluded_lines": 0, "percent_statements_covered": 100.0, "percent_statements_covered_display": "100"}, "missing_lines": [], "excluded_lines": [], "start_line": 1}}, "classes": {"": {"executed_lines": [9, 10, 11, 12, 14, 17, 41, 42, 45, 48, 53, 54, 69, 72, 82, 84, 85, 86, 87, 88, 89, 91, 94, 117, 118, 121, 122, 130, 133, 136, 139, 145, 147, 148, 149, 150, 153, 155, 157, 160, 161, 163, 181, 182, 183, 198, 201, 202, 203, 206, 207, 208, 209, 210, 212, 213, 214, 228, 231, 243, 244, 245, 248, 249, 250, 251, 252, 254, 255, 258, 259, 260, 261, 262, 263, 266, 267, 268, 269, 270, 271, 272, 275, 276, 277, 278, 279, 280, 282, 284, 287, 290, 303, 305, 306, 309, 311, 312, 313, 315], "summary": {"covered_lines": 100, "num_statements": 100, "percent_covered": 100.0, "percent_covered_display": "100", "missing_lines": 0, "excluded_lines": 0, "percent_statements_covered": 100.0, "percent_statements_covered_display": "100"}, "missing_lines": [], "excluded_lines": [], "start_line": 1}}}, "app/workflows/vue_chunking_strategies/vue_sfc_chunker.py": {"executed_lines": [9, 10, 11, 12, 14, 17, 39, 41, 42, 45, 48, 49, 50, 51, 67, 68, 69, 72, 77, 78, 79, 102, 103, 104, 105, 106, 109, 110, 111, 112, 113, 129, 130, 131, 146, 149, 159, 162, 167, 168, 171, 176, 177, 178, 181, 182, 183, 185, 188, 191, 196, 197, 198, 201, 202, 203, 205, 207], "summary": {"covered_lines": 58, "num_statements": 63, "percent_covered": 92.06349206349206, "percent_covered_display": "92", "missing_lines": 5, "excluded_lines": 0, "percent_statements_covered": 92.06349206349206, "percent_statements_covered_display": "92"}, "missing_lines": [95, 96, 97, 98, 99], "excluded_lines": [], "functions": {"chunk_vue_sfc": {"executed_lines": [39, 41, 42, 45, 48, 49, 50, 51, 67, 68, 69, 72, 77, 78, 79, 102, 103, 104, 105, 106, 109, 110, 111, 112, 113, 129, 130, 131, 146], "summary": {"covered_lines": 29, "num_statements": 34, "percent_covered": 85.29411764705883, "percent_covered_display": "85", "missing_lines": 5, "excluded_lines": 0, "percent_statements_covered": 85.29411764705883, "percent_statements_covered_display": "85"}, "missing_lines": [95, 96, 97, 98, 99], "excluded_lines": [], "start_line": 17}, "extract_vue_blocks": {"executed_lines": [159, 162, 167, 168, 171, 176, 177, 178, 181, 182, 183, 185, 188, 191, 196, 197, 198, 201, 202, 203, 205, 207], "summary": {"covered_lines": 22, "num_statements": 22, "percent_covered": 100.0, "percent_covered_display": "100", "missing_lines": 0, "excluded_lines": 0, "percent_statements_covered": 100.0, "percent_statements_covered_display": "100"}, "missing_lines": [], "excluded_lines": [], "start_line": 149}, "": {"executed_lines": [9, 10, 11, 12, 14, 17, 149], "summary": {"covered_lines": 7, "num_statements": 7, "percent_covered": 100.0, "percent_covered_display": "100", "missing_lines": 0, "excluded_lines": 0, "percent_statements_covered": 100.0, "percent_statements_covered_display": "100"}, "missing_lines": [], "excluded_lines": [], "start_line": 1}}, "classes": {"": {"executed_lines": [9, 10, 11, 12, 14, 17, 39, 41, 42, 45, 48, 49, 50, 51, 67, 68, 69, 72, 77, 78, 79, 102, 103, 104, 105, 106, 109, 110, 111, 112, 113, 129, 130, 131, 146, 149, 159, 162, 167, 168, 171, 176, 177, 178, 181, 182, 183, 185, 188, 191, 196, 197, 198, 201, 202, 203, 205, 207], "summary": {"covered_lines": 58, "num_statements": 63, "percent_covered": 92.06349206349206, "percent_covered_display": "92", "missing_lines": 5, "excluded_lines": 0, "percent_statements_covered": 92.06349206349206, "percent_statements_covered_display": "92"}, "missing_lines": [95, 96, 97, 98, 99], "excluded_lines": [], "start_line": 1}}}}, "totals": {"covered_lines": 11763, "num_statements": 18088, "percent_covered": 65.03206545776206, "percent_covered_display": "65", "missing_lines": 6325, "excluded_lines": 33, "percent_statements_covered": 65.03206545776206, "percent_statements_covered_display": "65"}}