{"meta": {"format": 3, "version": "7.12.0", "timestamp": "2025-11-22T03:49:58.202843", "branch_coverage": false, "show_contexts": false}, "files": {"app/database/__init__.py": {"executed_lines": [1, 13, 14, 16], "summary": {"covered_lines": 3, "num_statements": 3, "percent_covered": 100.0, "percent_covered_display": "100", "missing_lines": 0, "excluded_lines": 0, "percent_statements_covered": 100.0, "percent_statements_covered_display": "100"}, "missing_lines": [], "excluded_lines": [], "functions": {"": {"executed_lines": [1, 13, 14, 16], "summary": {"covered_lines": 3, "num_statements": 3, "percent_covered": 100.0, "percent_covered_display": "100", "missing_lines": 0, "excluded_lines": 0, "percent_statements_covered": 100.0, "percent_statements_covered_display": "100"}, "missing_lines": [], "excluded_lines": []}}, "classes": {"": {"executed_lines": [1, 13, 14, 16], "summary": {"covered_lines": 3, "num_statements": 3, "percent_covered": 100.0, "percent_covered_display": "100", "missing_lines": 0, "excluded_lines": 0, "percent_statements_covered": 100.0, "percent_statements_covered_display": "100"}, "missing_lines": [], "excluded_lines": []}}}, "app/database/config_ops.py": {"executed_lines": [1, 7, 8, 9, 10, 12, 15, 16, 22, 32, 34, 35, 37, 38, 39, 40, 41, 42, 44, 55, 56, 57, 59, 60, 61, 62, 63], "summary": {"covered_lines": 25, "num_statements": 28, "percent_covered": 89.28571428571429, "percent_covered_display": "89", "missing_lines": 3, "excluded_lines": 0, "percent_statements_covered": 89.28571428571429, "percent_statements_covered_display": "89"}, "missing_lines": [64, 65, 66], "excluded_lines": [], "functions": {"ConfigOperations.get_config": {"executed_lines": [32, 34, 35, 37, 38, 39, 40, 41, 42], "summary": {"covered_lines": 9, "num_statements": 9, "percent_covered": 100.0, "percent_covered_display": "100", "missing_lines": 0, "excluded_lines": 0, "percent_statements_covered": 100.0, "percent_statements_covered_display": "100"}, "missing_lines": [], "excluded_lines": []}, "ConfigOperations.set_config": {"executed_lines": [55, 56, 57, 59, 60, 61, 62, 63], "summary": {"covered_lines": 8, "num_statements": 11, "percent_covered": 72.72727272727273, "percent_covered_display": "73", "missing_lines": 3, "excluded_lines": 0, "percent_statements_covered": 72.72727272727273, "percent_statements_covered_display": "73"}, "missing_lines": [64, 65, 66], "excluded_lines": []}, "": {"executed_lines": [1, 7, 8, 9, 10, 12, 15, 16, 22, 44], "summary": {"covered_lines": 8, "num_statements": 8, "percent_covered": 100.0, "percent_covered_display": "100", "missing_lines": 0, "excluded_lines": 0, "percent_statements_covered": 100.0, "percent_statements_covered_display": "100"}, "missing_lines": [], "excluded_lines": []}}, "classes": {"ConfigOperations": {"executed_lines": [32, 34, 35, 37, 38, 39, 40, 41, 42, 55, 56, 57, 59, 60, 61, 62, 63], "summary": {"covered_lines": 17, "num_statements": 20, "percent_covered": 85.0, "percent_covered_display": "85", "missing_lines": 3, "excluded_lines": 0, "percent_statements_covered": 85.0, "percent_statements_covered_display": "85"}, "missing_lines": [64, 65, 66], "excluded_lines": []}, "": {"executed_lines": [1, 7, 8, 9, 10, 12, 15, 16, 22, 44], "summary": {"covered_lines": 8, "num_statements": 8, "percent_covered": 100.0, "percent_covered_display": "100", "missing_lines": 0, "excluded_lines": 0, "percent_statements_covered": 100.0, "percent_statements_covered_display": "100"}, "missing_lines": [], "excluded_lines": []}}}, "app/database/connection.py": {"executed_lines": [1, 12, 13, 14, 15, 16, 18, 19, 20, 22, 25, 26, 33, 45, 47, 48, 50, 51, 52, 55, 57, 59, 60, 61, 64, 66, 68, 85, 86, 88, 90, 91, 92, 94, 95, 97, 98, 99, 101, 103, 114, 115, 117, 119, 140, 142, 145, 146, 150, 151, 152, 153, 156, 157, 162, 164, 167, 168, 171, 180, 181, 182, 185, 187], "summary": {"covered_lines": 62, "num_statements": 65, "percent_covered": 95.38461538461539, "percent_covered_display": "95", "missing_lines": 3, "excluded_lines": 0, "percent_statements_covered": 95.38461538461539, "percent_statements_covered_display": "95"}, "missing_lines": [165, 183, 186], "excluded_lines": [], "functions": {"JSONDatabase.__init__": {"executed_lines": [45, 47, 48, 50, 51, 52, 55, 57, 59, 60, 61, 64], "summary": {"covered_lines": 12, "num_statements": 12, "percent_covered": 100.0, "percent_covered_display": "100", "missing_lines": 0, "excluded_lines": 0, "percent_statements_covered": 100.0, "percent_statements_covered_display": "100"}, "missing_lines": [], "excluded_lines": []}, "JSONDatabase._ensure_directories": {"executed_lines": [68, 85, 86], "summary": {"covered_lines": 3, "num_statements": 3, "percent_covered": 100.0, "percent_covered_display": "100", "missing_lines": 0, "excluded_lines": 0, "percent_statements_covered": 100.0, "percent_statements_covered_display": "100"}, "missing_lines": [], "excluded_lines": []}, "JSONDatabase.cleanup_test_data": {"executed_lines": [90, 91, 92, 94, 95, 97, 98, 99, 101], "summary": {"covered_lines": 9, "num_statements": 9, "percent_covered": 100.0, "percent_covered_display": "100", "missing_lines": 0, "excluded_lines": 0, "percent_statements_covered": 100.0, "percent_statements_covered_display": "100"}, "missing_lines": [], "excluded_lines": []}, "JSONDatabase._get_collection_path": {"executed_lines": [114, 115, 117], "summary": {"covered_lines": 3, "num_statements": 3, "percent_covered": 100.0, "percent_covered_display": "100", "missing_lines": 0, "excluded_lines": 0, "percent_statements_covered": 100.0, "percent_statements_covered_display": "100"}, "missing_lines": [], "excluded_lines": []}, "JSONDatabase._get_document_path": {"executed_lines": [140, 142, 145, 146, 150, 151, 152, 153, 156, 157], "summary": {"covered_lines": 10, "num_statements": 10, "percent_covered": 100.0, "percent_covered_display": "100", "missing_lines": 0, "excluded_lines": 0, "percent_statements_covered": 100.0, "percent_statements_covered_display": "100"}, "missing_lines": [], "excluded_lines": []}, "get_db_instance": {"executed_lines": [180, 181, 182, 185, 187], "summary": {"covered_lines": 5, "num_statements": 7, "percent_covered": 71.42857142857143, "percent_covered_display": "71", "missing_lines": 2, "excluded_lines": 0, "percent_statements_covered": 71.42857142857143, "percent_statements_covered_display": "71"}, "missing_lines": [183, 186], "excluded_lines": []}, "": {"executed_lines": [1, 12, 13, 14, 15, 16, 18, 19, 20, 22, 25, 26, 33, 66, 88, 103, 119, 162, 164, 167, 168, 171], "summary": {"covered_lines": 20, "num_statements": 21, "percent_covered": 95.23809523809524, "percent_covered_display": "95", "missing_lines": 1, "excluded_lines": 0, "percent_statements_covered": 95.23809523809524, "percent_statements_covered_display": "95"}, "missing_lines": [165], "excluded_lines": []}}, "classes": {"JSONDatabase": {"executed_lines": [45, 47, 48, 50, 51, 52, 55, 57, 59, 60, 61, 64, 68, 85, 86, 90, 91, 92, 94, 95, 97, 98, 99, 101, 114, 115, 117, 140, 142, 145, 146, 150, 151, 152, 153, 156, 157], "summary": {"covered_lines": 37, "num_statements": 37, "percent_covered": 100.0, "percent_covered_display": "100", "missing_lines": 0, "excluded_lines": 0, "percent_statements_covered": 100.0, "percent_statements_covered_display": "100"}, "missing_lines": [], "excluded_lines": []}, "": {"executed_lines": [1, 12, 13, 14, 15, 16, 18, 19, 20, 22, 25, 26, 33, 66, 88, 103, 119, 162, 164, 167, 168, 171, 180, 181, 182, 185, 187], "summary": {"covered_lines": 25, "num_statements": 28, "percent_covered": 89.28571428571429, "percent_covered_display": "89", "missing_lines": 3, "excluded_lines": 0, "percent_statements_covered": 89.28571428571429, "percent_statements_covered_display": "89"}, "missing_lines": [165, 183, 186], "excluded_lines": []}}}, "app/database/database_router.py": {"executed_lines": [], "summary": {"covered_lines": 0, "num_statements": 0, "percent_covered": 100.0, "percent_covered_display": "100", "missing_lines": 0, "excluded_lines": 0, "percent_statements_covered": 100.0, "percent_statements_covered_display": "100"}, "missing_lines": [], "excluded_lines": [], "functions": {"": {"executed_lines": [], "summary": {"covered_lines": 0, "num_statements": 0, "percent_covered": 100.0, "percent_covered_display": "100", "missing_lines": 0, "excluded_lines": 0, "percent_statements_covered": 100.0, "percent_statements_covered_display": "100"}, "missing_lines": [], "excluded_lines": []}}, "classes": {"": {"executed_lines": [], "summary": {"covered_lines": 0, "num_statements": 0, "percent_covered": 100.0, "percent_covered_display": "100", "missing_lines": 0, "excluded_lines": 0, "percent_statements_covered": 100.0, "percent_statements_covered_display": "100"}, "missing_lines": [], "excluded_lines": []}}}, "app/database/encryption.py": {"executed_lines": [1, 8, 9, 11, 13, 16, 28, 30, 31, 33, 35, 36, 37, 39, 41, 42, 43, 44, 45, 50, 53, 66, 67, 70, 71, 72, 75, 76, 77, 78, 79, 80, 86, 88], "summary": {"covered_lines": 33, "num_statements": 36, "percent_covered": 91.66666666666667, "percent_covered_display": "92", "missing_lines": 3, "excluded_lines": 0, "percent_statements_covered": 91.66666666666667, "percent_statements_covered_display": "92"}, "missing_lines": [46, 47, 48], "excluded_lines": [], "functions": {"encrypt_sensitive_fields": {"executed_lines": [28, 30, 31, 33, 35, 36, 37, 39, 41, 42, 43, 44, 45, 50], "summary": {"covered_lines": 14, "num_statements": 17, "percent_covered": 82.3529411764706, "percent_covered_display": "82", "missing_lines": 3, "excluded_lines": 0, "percent_statements_covered": 82.3529411764706, "percent_statements_covered_display": "82"}, "missing_lines": [46, 47, 48], "excluded_lines": []}, "decrypt_sensitive_fields": {"executed_lines": [66, 67, 70, 71, 72, 75, 76, 77, 78, 79, 80, 86, 88], "summary": {"covered_lines": 13, "num_statements": 13, "percent_covered": 100.0, "percent_covered_display": "100", "missing_lines": 0, "excluded_lines": 0, "percent_statements_covered": 100.0, "percent_statements_covered_display": "100"}, "missing_lines": [], "excluded_lines": []}, "": {"executed_lines": [1, 8, 9, 11, 13, 16, 53], "summary": {"covered_lines": 6, "num_statements": 6, "percent_covered": 100.0, "percent_covered_display": "100", "missing_lines": 0, "excluded_lines": 0, "percent_statements_covered": 100.0, "percent_statements_covered_display": "100"}, "missing_lines": [], "excluded_lines": []}}, "classes": {"": {"executed_lines": [1, 8, 9, 11, 13, 16, 28, 30, 31, 33, 35, 36, 37, 39, 41, 42, 43, 44, 45, 50, 53, 66, 67, 70, 71, 72, 75, 76, 77, 78, 79, 80, 86, 88], "summary": {"covered_lines": 33, "num_statements": 36, "percent_covered": 91.66666666666667, "percent_covered_display": "92", "missing_lines": 3, "excluded_lines": 0, "percent_statements_covered": 91.66666666666667, "percent_statements_covered_display": "92"}, "missing_lines": [46, 47, 48], "excluded_lines": []}}}, "app/database/operations.py": {"executed_lines": [1, 8, 9, 10, 11, 12, 13, 15, 17, 19, 22, 23, 29, 50, 51, 53, 54, 57, 59, 64, 65, 66, 67, 75, 98, 102, 103, 104, 107, 109, 110, 111, 112, 114, 137, 141, 143, 144, 147, 150, 153, 156, 157, 159, 160, 161, 162, 163, 165, 186, 190, 191, 192, 193, 194, 195, 197, 218, 219, 222, 224, 225, 226, 227, 232, 235, 238, 239, 240, 242, 243, 244, 247, 249, 254, 256, 277, 279, 280, 281, 283, 285, 304, 306, 308, 309, 310, 313, 315, 317, 318, 319, 321, 322, 324], "summary": {"covered_lines": 93, "num_statements": 107, "percent_covered": 86.91588785046729, "percent_covered_display": "87", "missing_lines": 14, "excluded_lines": 0, "percent_statements_covered": 86.91588785046729, "percent_statements_covered_display": "87"}, "missing_lines": [68, 69, 70, 71, 72, 73, 229, 233, 250, 251, 252, 311, 312, 316], "excluded_lines": [], "functions": {"CRUDOperations.insert": {"executed_lines": [50, 51, 53, 54, 57, 59, 64, 65, 66, 67], "summary": {"covered_lines": 10, "num_statements": 16, "percent_covered": 62.5, "percent_covered_display": "62", "missing_lines": 6, "excluded_lines": 0, "percent_statements_covered": 62.5, "percent_statements_covered_display": "62"}, "missing_lines": [68, 69, 70, 71, 72, 73], "excluded_lines": []}, "CRUDOperations.find_one": {"executed_lines": [98, 102, 103, 104, 107, 109, 110, 111, 112], "summary": {"covered_lines": 9, "num_statements": 9, "percent_covered": 100.0, "percent_covered_display": "100", "missing_lines": 0, "excluded_lines": 0, "percent_statements_covered": 100.0, "percent_statements_covered_display": "100"}, "missing_lines": [], "excluded_lines": []}, "CRUDOperations.update": {"executed_lines": [137, 141, 143, 144, 147, 150, 153, 156, 157, 159, 160, 161, 162, 163], "summary": {"covered_lines": 14, "num_statements": 14, "percent_covered": 100.0, "percent_covered_display": "100", "missing_lines": 0, "excluded_lines": 0, "percent_statements_covered": 100.0, "percent_statements_covered_display": "100"}, "missing_lines": [], "excluded_lines": []}, "CRUDOperations.delete": {"executed_lines": [186, 190, 191, 192, 193, 194, 195], "summary": {"covered_lines": 7, "num_statements": 7, "percent_covered": 100.0, "percent_covered_display": "100", "missing_lines": 0, "excluded_lines": 0, "percent_statements_covered": 100.0, "percent_statements_covered_display": "100"}, "missing_lines": [], "excluded_lines": []}, "CRUDOperations.find_many": {"executed_lines": [218, 219, 222, 224, 225, 226, 227, 232, 235, 238, 239, 240, 242, 243, 244, 247, 249, 254], "summary": {"covered_lines": 18, "num_statements": 23, "percent_covered": 78.26086956521739, "percent_covered_display": "78", "missing_lines": 5, "excluded_lines": 0, "percent_statements_covered": 78.26086956521739, "percent_statements_covered_display": "78"}, "missing_lines": [229, 233, 250, 251, 252], "excluded_lines": []}, "CRUDOperations.find_by_field": {"executed_lines": [277, 279, 280, 281, 283], "summary": {"covered_lines": 5, "num_statements": 5, "percent_covered": 100.0, "percent_covered_display": "100", "missing_lines": 0, "excluded_lines": 0, "percent_statements_covered": 100.0, "percent_statements_covered_display": "100"}, "missing_lines": [], "excluded_lines": []}, "CRUDOperations.find_by_fields": {"executed_lines": [304, 306, 308, 309, 310, 313, 315, 317, 318, 319, 321, 322, 324], "summary": {"covered_lines": 13, "num_statements": 16, "percent_covered": 81.25, "percent_covered_display": "81", "missing_lines": 3, "excluded_lines": 0, "percent_statements_covered": 81.25, "percent_statements_covered_display": "81"}, "missing_lines": [311, 312, 316], "excluded_lines": []}, "": {"executed_lines": [1, 8, 9, 10, 11, 12, 13, 15, 17, 19, 22, 23, 29, 75, 114, 165, 197, 256, 285], "summary": {"covered_lines": 17, "num_statements": 17, "percent_covered": 100.0, "percent_covered_display": "100", "missing_lines": 0, "excluded_lines": 0, "percent_statements_covered": 100.0, "percent_statements_covered_display": "100"}, "missing_lines": [], "excluded_lines": []}}, "classes": {"CRUDOperations": {"executed_lines": [50, 51, 53, 54, 57, 59, 64, 65, 66, 67, 98, 102, 103, 104, 107, 109, 110, 111, 112, 137, 141, 143, 144, 147, 150, 153, 156, 157, 159, 160, 161, 162, 163, 186, 190, 191, 192, 193, 194, 195, 218, 219, 222, 224, 225, 226, 227, 232, 235, 238, 239, 240, 242, 243, 244, 247, 249, 254, 277, 279, 280, 281, 283, 304, 306, 308, 309, 310, 313, 315, 317, 318, 319, 321, 322, 324], "summary": {"covered_lines": 76, "num_statements": 90, "percent_covered": 84.44444444444444, "percent_covered_display": "84", "missing_lines": 14, "excluded_lines": 0, "percent_statements_covered": 84.44444444444444, "percent_statements_covered_display": "84"}, "missing_lines": [68, 69, 70, 71, 72, 73, 229, 233, 250, 251, 252, 311, 312, 316], "excluded_lines": []}, "": {"executed_lines": [1, 8, 9, 10, 11, 12, 13, 15, 17, 19, 22, 23, 29, 75, 114, 165, 197, 256, 285], "summary": {"covered_lines": 17, "num_statements": 17, "percent_covered": 100.0, "percent_covered_display": "100", "missing_lines": 0, "excluded_lines": 0, "percent_statements_covered": 100.0, "percent_statements_covered_display": "100"}, "missing_lines": [], "excluded_lines": []}}}, "app/database/redis_cache.py": {"executed_lines": [1, 15, 16, 17, 18, 19, 20, 22, 30, 31, 33, 35, 38, 39, 46, 54, 55, 56, 58, 65, 66, 68, 71, 73, 102, 109, 110, 111, 112, 113, 114, 115, 117, 118, 119, 120, 126, 128, 139, 140, 143, 149, 151, 158, 159, 160, 162, 164, 165, 166, 167, 168, 169, 170, 171, 173, 174, 178, 201, 204, 209, 210, 211, 212, 213, 214, 215, 220, 221, 224, 225, 226, 227, 228, 229, 233, 235, 256, 259, 262, 263, 266, 267, 268, 269, 277, 278, 281, 282, 283, 284, 285, 286, 290, 292, 347, 400, 422, 425, 429, 431, 455, 458, 462, 464, 486, 489, 493, 495, 514, 516, 517, 522, 524, 526, 527, 529, 530, 532, 535, 536], "summary": {"covered_lines": 119, "num_statements": 183, "percent_covered": 65.02732240437159, "percent_covered_display": "65", "missing_lines": 64, "excluded_lines": 0, "percent_statements_covered": 65.02732240437159, "percent_statements_covered_display": "65"}, "missing_lines": [69, 122, 123, 124, 175, 176, 216, 217, 230, 231, 270, 271, 272, 273, 274, 287, 288, 313, 316, 321, 322, 323, 324, 325, 326, 327, 328, 329, 332, 333, 336, 337, 338, 339, 340, 341, 342, 343, 345, 366, 369, 374, 375, 376, 377, 378, 379, 380, 381, 382, 385, 386, 389, 390, 391, 392, 393, 394, 395, 396, 398, 519, 523, 525], "excluded_lines": [], "functions": {"RedisCachedJSONDatabase.__init__": {"executed_lines": [54, 55, 56], "summary": {"covered_lines": 3, "num_statements": 3, "percent_covered": 100.0, "percent_covered_display": "100", "missing_lines": 0, "excluded_lines": 0, "percent_statements_covered": 100.0, "percent_statements_covered_display": "100"}, "missing_lines": [], "excluded_lines": []}, "RedisCachedJSONDatabase._ensure_redis": {"executed_lines": [65, 66, 68, 71], "summary": {"covered_lines": 4, "num_statements": 5, "percent_covered": 80.0, "percent_covered_display": "80", "missing_lines": 1, "excluded_lines": 0, "percent_statements_covered": 80.0, "percent_statements_covered_display": "80"}, "missing_lines": [69], "excluded_lines": []}, "RedisCachedJSONDatabase._get_cache_key": {"executed_lines": [102, 109, 110, 111, 112, 113, 114, 115, 117, 118, 119, 120, 126], "summary": {"covered_lines": 13, "num_statements": 16, "percent_covered": 81.25, "percent_covered_display": "81", "missing_lines": 3, "excluded_lines": 0, "percent_statements_covered": 81.25, "percent_statements_covered_display": "81"}, "missing_lines": [122, 123, 124], "excluded_lines": []}, "RedisCachedJSONDatabase._get_ttl": {"executed_lines": [139, 140, 143, 149], "summary": {"covered_lines": 4, "num_statements": 4, "percent_covered": 100.0, "percent_covered_display": "100", "missing_lines": 0, "excluded_lines": 0, "percent_statements_covered": 100.0, "percent_statements_covered_display": "100"}, "missing_lines": [], "excluded_lines": []}, "RedisCachedJSONDatabase._invalidate_cache_pattern": {"executed_lines": [158, 159, 160, 162, 164, 165, 166, 167, 168, 169, 170, 171, 173, 174], "summary": {"covered_lines": 14, "num_statements": 16, "percent_covered": 87.5, "percent_covered_display": "88", "missing_lines": 2, "excluded_lines": 0, "percent_statements_covered": 87.5, "percent_statements_covered_display": "88"}, "missing_lines": [175, 176], "excluded_lines": []}, "RedisCachedJSONDatabase.find_one_async": {"executed_lines": [201, 204, 209, 210, 211, 212, 213, 214, 215, 220, 221, 224, 225, 226, 227, 228, 229, 233], "summary": {"covered_lines": 18, "num_statements": 22, "percent_covered": 81.81818181818181, "percent_covered_display": "82", "missing_lines": 4, "excluded_lines": 0, "percent_statements_covered": 81.81818181818181, "percent_statements_covered_display": "82"}, "missing_lines": [216, 217, 230, 231], "excluded_lines": []}, "RedisCachedJSONDatabase.find_many_async": {"executed_lines": [256, 259, 262, 263, 266, 267, 268, 269, 277, 278, 281, 282, 283, 284, 285, 286, 290], "summary": {"covered_lines": 17, "num_statements": 24, "percent_covered": 70.83333333333333, "percent_covered_display": "71", "missing_lines": 7, "excluded_lines": 0, "percent_statements_covered": 70.83333333333333, "percent_statements_covered_display": "71"}, "missing_lines": [270, 271, 272, 273, 274, 287, 288], "excluded_lines": []}, "RedisCachedJSONDatabase.find_by_field_async": {"executed_lines": [], "summary": {"covered_lines": 0, "num_statements": 22, "percent_covered": 0.0, "percent_covered_display": "0", "missing_lines": 22, "excluded_lines": 0, "percent_statements_covered": 0.0, "percent_statements_covered_display": "0"}, "missing_lines": [313, 316, 321, 322, 323, 324, 325, 326, 327, 328, 329, 332, 333, 336, 337, 338, 339, 340, 341, 342, 343, 345], "excluded_lines": []}, "RedisCachedJSONDatabase.find_by_fields_async": {"executed_lines": [], "summary": {"covered_lines": 0, "num_statements": 22, "percent_covered": 0.0, "percent_covered_display": "0", "missing_lines": 22, "excluded_lines": 0, "percent_statements_covered": 0.0, "percent_statements_covered_display": "0"}, "missing_lines": [366, 369, 374, 375, 376, 377, 378, 379, 380, 381, 382, 385, 386, 389, 390, 391, 392, 393, 394, 395, 396, 398], "excluded_lines": []}, "RedisCachedJSONDatabase.insert_async": {"executed_lines": [422, 425, 429], "summary": {"covered_lines": 3, "num_statements": 3, "percent_covered": 100.0, "percent_covered_display": "100", "missing_lines": 0, "excluded_lines": 0, "percent_statements_covered": 100.0, "percent_statements_covered_display": "100"}, "missing_lines": [], "excluded_lines": []}, "RedisCachedJSONDatabase.update_async": {"executed_lines": [455, 458, 462], "summary": {"covered_lines": 3, "num_statements": 3, "percent_covered": 100.0, "percent_covered_display": "100", "missing_lines": 0, "excluded_lines": 0, "percent_statements_covered": 100.0, "percent_statements_covered_display": "100"}, "missing_lines": [], "excluded_lines": []}, "RedisCachedJSONDatabase.delete_async": {"executed_lines": [486, 489, 493], "summary": {"covered_lines": 3, "num_statements": 3, "percent_covered": 100.0, "percent_covered_display": "100", "missing_lines": 0, "excluded_lines": 0, "percent_statements_covered": 100.0, "percent_statements_covered_display": "100"}, "missing_lines": [], "excluded_lines": []}, "RedisCachedJSONDatabase._invalidate_collection_cache": {"executed_lines": [514, 516, 517, 522, 524, 526, 527, 529, 530, 532, 535, 536], "summary": {"covered_lines": 12, "num_statements": 15, "percent_covered": 80.0, "percent_covered_display": "80", "missing_lines": 3, "excluded_lines": 0, "percent_statements_covered": 80.0, "percent_statements_covered_display": "80"}, "missing_lines": [519, 523, 525], "excluded_lines": []}, "": {"executed_lines": [1, 15, 16, 17, 18, 19, 20, 22, 30, 31, 33, 35, 38, 39, 46, 58, 73, 128, 151, 178, 235, 292, 347, 400, 431, 464, 495], "summary": {"covered_lines": 25, "num_statements": 25, "percent_covered": 100.0, "percent_covered_display": "100", "missing_lines": 0, "excluded_lines": 0, "percent_statements_covered": 100.0, "percent_statements_covered_display": "100"}, "missing_lines": [], "excluded_lines": []}}, "classes": {"RedisCachedJSONDatabase": {"executed_lines": [54, 55, 56, 65, 66, 68, 71, 102, 109, 110, 111, 112, 113, 114, 115, 117, 118, 119, 120, 126, 139, 140, 143, 149, 158, 159, 160, 162, 164, 165, 166, 167, 168, 169, 170, 171, 173, 174, 201, 204, 209, 210, 211, 212, 213, 214, 215, 220, 221, 224, 225, 226, 227, 228, 229, 233, 256, 259, 262, 263, 266, 267, 268, 269, 277, 278, 281, 282, 283, 284, 285, 286, 290, 422, 425, 429, 455, 458, 462, 486, 489, 493, 514, 516, 517, 522, 524, 526, 527, 529, 530, 532, 535, 536], "summary": {"covered_lines": 94, "num_statements": 158, "percent_covered": 59.49367088607595, "percent_covered_display": "59", "missing_lines": 64, "excluded_lines": 0, "percent_statements_covered": 59.49367088607595, "percent_statements_covered_display": "59"}, "missing_lines": [69, 122, 123, 124, 175, 176, 216, 217, 230, 231, 270, 271, 272, 273, 274, 287, 288, 313, 316, 321, 322, 323, 324, 325, 326, 327, 328, 329, 332, 333, 336, 337, 338, 339, 340, 341, 342, 343, 345, 366, 369, 374, 375, 376, 377, 378, 379, 380, 381, 382, 385, 386, 389, 390, 391, 392, 393, 394, 395, 396, 398, 519, 523, 525], "excluded_lines": []}, "": {"executed_lines": [1, 15, 16, 17, 18, 19, 20, 22, 30, 31, 33, 35, 38, 39, 46, 58, 73, 128, 151, 178, 235, 292, 347, 400, 431, 464, 495], "summary": {"covered_lines": 25, "num_statements": 25, "percent_covered": 100.0, "percent_covered_display": "100", "missing_lines": 0, "excluded_lines": 0, "percent_statements_covered": 100.0, "percent_statements_covered_display": "100"}, "missing_lines": [], "excluded_lines": []}}}}, "totals": {"covered_lines": 335, "num_statements": 422, "percent_covered": 79.38388625592417, "percent_covered_display": "79", "missing_lines": 87, "excluded_lines": 0, "percent_statements_covered": 79.38388625592417, "percent_statements_covered_display": "79"}}